<?xml version="1.0" encoding="UTF-8"?>
<robot generator="Robot 6.0 (Python 3.10.8 on win32)" generated="20221108 09:53:41.809" rpa="false" schemaversion="3">
<suite id="s1" name="testDemo6contClean" source="C:\Users\Admin\PycharmProjects\RobotFramework\tests\testDemo6contClean.robot">
<test id="s1-t1" name="Validate UnSuccesrsful Login" line="23">
<kw name="open the browser with the url" library="Generic" type="SETUP">
<kw name="Create Webdriver" library="SeleniumLibrary">
<arg>${browser_name}</arg>
<arg>executable_path=resources/${browser_name}driver.exe</arg>
<doc>Creates an instance of Selenium WebDriver.</doc>
<msg timestamp="20221108 09:53:42.291" level="INFO">Creating an instance of the Firefox WebDriver.</msg>
<status status="PASS" starttime="20221108 09:53:42.291" endtime="20221108 09:54:27.810"/>
</kw>
<kw name="Go To" library="SeleniumLibrary">
<arg>${url}</arg>
<doc>Navigates the current browser window to the provided ``url``.</doc>
<msg timestamp="20221108 09:54:27.811" level="INFO">Opening url 'https://rahulshettyacademy.com/loginpagePractise/'</msg>
<status status="PASS" starttime="20221108 09:54:27.811" endtime="20221108 09:54:32.467"/>
</kw>
<status status="PASS" starttime="20221108 09:53:42.291" endtime="20221108 09:54:32.468"/>
</kw>
<kw name="Fill the login Form" library="LandingPage">
<arg>${user_name}</arg>
<arg>${invalid_password}</arg>
<kw name="Input Text" library="SeleniumLibrary">
<arg>id:username</arg>
<arg>${username}</arg>
<doc>Types the given ``text`` into the text field identified by ``locator``.</doc>
<msg timestamp="20221108 09:54:32.472" level="INFO">Typing text 'rahulshettyacademy' into text field 'id:username'.</msg>
<status status="PASS" starttime="20221108 09:54:32.470" endtime="20221108 09:54:33.253"/>
</kw>
<kw name="Input Password" library="SeleniumLibrary">
<arg>id:password</arg>
<arg>${password}</arg>
<doc>Types the given password into the text field identified by ``locator``.</doc>
<msg timestamp="20221108 09:54:33.254" level="INFO">Typing password into text field 'id:password'.</msg>
<msg timestamp="20221108 09:54:33.319" level="INFO">Temporally setting log level to: NONE</msg>
<msg timestamp="20221108 09:54:33.365" level="INFO">Log level changed from NONE to INFO.</msg>
<status status="PASS" starttime="20221108 09:54:33.254" endtime="20221108 09:54:33.365"/>
</kw>
<kw name="Click Button" library="SeleniumLibrary">
<arg>signInBtn</arg>
<doc>Clicks the button identified by ``locator``.</doc>
<msg timestamp="20221108 09:54:33.365" level="INFO">Clicking button 'signInBtn'.</msg>
<status status="PASS" starttime="20221108 09:54:33.365" endtime="20221108 09:54:34.098"/>
</kw>
<status status="PASS" starttime="20221108 09:54:32.469" endtime="20221108 09:54:34.098"/>
</kw>
<kw name="Wait Until Element Is Located in the page" library="LandingPage">
<kw name="Wait Until Element Is Located on page" library="Generic">
<arg>${Error_Message_Login}</arg>
<kw name="Wait Until Element Is Visible" library="SeleniumLibrary">
<arg>${page_locator}</arg>
<arg>10 seconds</arg>
<doc>Waits until the element ``locator`` is visible.</doc>
<status status="PASS" starttime="20221108 09:54:34.098" endtime="20221108 09:54:36.163"/>
</kw>
<status status="PASS" starttime="20221108 09:54:34.098" endtime="20221108 09:54:36.164"/>
</kw>
<status status="PASS" starttime="20221108 09:54:34.098" endtime="20221108 09:54:36.165"/>
</kw>
<kw name="verify error message is correct" library="LandingPage">
<kw name="Get Text" library="SeleniumLibrary">
<var>${result}</var>
<arg>${Error_Message_Login}</arg>
<doc>Returns the text value of the element identified by ``locator``.</doc>
<msg timestamp="20221108 09:54:36.236" level="INFO">${result} = Incorrect username/password.</msg>
<status status="PASS" starttime="20221108 09:54:36.169" endtime="20221108 09:54:36.236"/>
</kw>
<kw name="Should Be Equal As Strings" library="BuiltIn">
<arg>${result}</arg>
<arg>Incorrect username/password.</arg>
<doc>Fails if objects are unequal after converting them to strings.</doc>
<status status="PASS" starttime="20221108 09:54:36.236" endtime="20221108 09:54:36.236"/>
</kw>
<kw name="Element Text Should Be" library="SeleniumLibrary">
<arg>${Error_Message_Login}</arg>
<arg>Incorrect username/password.</arg>
<doc>Verifies that element ``locator`` contains exact the text ``expected``.</doc>
<msg timestamp="20221108 09:54:36.236" level="INFO">Verifying element 'css:.alert-danger' contains exact text 'Incorrect username/password.'.</msg>
<status status="PASS" starttime="20221108 09:54:36.236" endtime="20221108 09:54:36.271"/>
</kw>
<status status="PASS" starttime="20221108 09:54:36.168" endtime="20221108 09:54:36.271"/>
</kw>
<kw name="Close Browser Session" library="Generic" type="TEARDOWN">
<kw name="Close Browser" library="SeleniumLibrary">
<doc>Closes the current browser.</doc>
<status status="PASS" starttime="20221108 09:54:36.272" endtime="20221108 09:54:51.562"/>
</kw>
<status status="PASS" starttime="20221108 09:54:36.272" endtime="20221108 09:54:51.562"/>
</kw>
<status status="PASS" starttime="20221108 09:53:42.290" endtime="20221108 09:54:51.566"/>
</test>
<test id="s1-t2" name="End to end ecommerce Product validation" line="30">
<kw name="open the browser with the url" library="Generic" type="SETUP">
<kw name="Create Webdriver" library="SeleniumLibrary">
<arg>${browser_name}</arg>
<arg>executable_path=resources/${browser_name}driver.exe</arg>
<doc>Creates an instance of Selenium WebDriver.</doc>
<msg timestamp="20221108 09:54:51.574" level="INFO">Creating an instance of the Firefox WebDriver.</msg>
<status status="PASS" starttime="20221108 09:54:51.574" endtime="20221108 09:55:07.359"/>
</kw>
<kw name="Go To" library="SeleniumLibrary">
<arg>${url}</arg>
<doc>Navigates the current browser window to the provided ``url``.</doc>
<msg timestamp="20221108 09:55:07.360" level="INFO">Opening url 'https://rahulshettyacademy.com/loginpagePractise/'</msg>
<status status="PASS" starttime="20221108 09:55:07.359" endtime="20221108 09:55:14.541"/>
</kw>
<status status="PASS" starttime="20221108 09:54:51.573" endtime="20221108 09:55:14.541"/>
</kw>
<kw name="Fill the login Form" library="LandingPage">
<arg>${user_name}</arg>
<arg>${valid_password}</arg>
<kw name="Input Text" library="SeleniumLibrary">
<arg>id:username</arg>
<arg>${username}</arg>
<doc>Types the given ``text`` into the text field identified by ``locator``.</doc>
<msg timestamp="20221108 09:55:14.542" level="INFO">Typing text 'rahulshettyacademy' into text field 'id:username'.</msg>
<status status="PASS" starttime="20221108 09:55:14.542" endtime="20221108 09:55:14.658"/>
</kw>
<kw name="Input Password" library="SeleniumLibrary">
<arg>id:password</arg>
<arg>${password}</arg>
<doc>Types the given password into the text field identified by ``locator``.</doc>
<msg timestamp="20221108 09:55:14.659" level="INFO">Typing password into text field 'id:password'.</msg>
<msg timestamp="20221108 09:55:14.691" level="INFO">Temporally setting log level to: NONE</msg>
<msg timestamp="20221108 09:55:14.728" level="INFO">Log level changed from NONE to INFO.</msg>
<status status="PASS" starttime="20221108 09:55:14.659" endtime="20221108 09:55:14.728"/>
</kw>
<kw name="Click Button" library="SeleniumLibrary">
<arg>signInBtn</arg>
<doc>Clicks the button identified by ``locator``.</doc>
<msg timestamp="20221108 09:55:14.729" level="INFO">Clicking button 'signInBtn'.</msg>
<status status="PASS" starttime="20221108 09:55:14.728" endtime="20221108 09:55:14.991"/>
</kw>
<status status="PASS" starttime="20221108 09:55:14.542" endtime="20221108 09:55:14.991"/>
</kw>
<kw name="Wait Until Element Is Located in the page" library="ShopPage">
<kw name="Wait Until Element Is Located on page" library="Generic">
<arg>${Shop_page_load}</arg>
<kw name="Wait Until Element Is Visible" library="SeleniumLibrary">
<arg>${page_locator}</arg>
<arg>10 seconds</arg>
<doc>Waits until the element ``locator`` is visible.</doc>
<status status="PASS" starttime="20221108 09:55:14.991" endtime="20221108 09:55:20.939"/>
</kw>
<status status="PASS" starttime="20221108 09:55:14.991" endtime="20221108 09:55:20.941"/>
</kw>
<status status="PASS" starttime="20221108 09:55:14.991" endtime="20221108 09:55:20.941"/>
</kw>
<kw name="Verify Card Titles in the Shop page" library="ShopPage">
<kw name="Create List" library="BuiltIn">
<var>@{expectedList}</var>
<arg>iphone X</arg>
<arg>Samsung Note 8</arg>
<arg>Nokia Edge</arg>
<arg>Blackberry</arg>
<doc>Returns a list containing given items.</doc>
<msg timestamp="20221108 09:55:20.949" level="INFO">@{expectedList} = [ iphone X | Samsung Note 8 | Nokia Edge | Blackberry ]</msg>
<status status="PASS" starttime="20221108 09:55:20.947" endtime="20221108 09:55:20.949"/>
</kw>
<kw name="Get WebElements" library="SeleniumLibrary">
<var>${elements}</var>
<arg>css:.card-title</arg>
<doc>Returns a list of WebElement objects matching the ``locator``.</doc>
<msg timestamp="20221108 09:55:21.009" level="INFO">${elements} = [&lt;selenium.webdriver.remote.webelement.WebElement (session="74f055ec-85dc-4b52-af9c-a9834b9de8e1", element="aea1ee29-b53e-4f99-8cbf-5acf17a78e10")&gt;, &lt;selenium.webdriver.remote.webelement.WebElement (s...</msg>
<status status="PASS" starttime="20221108 09:55:20.950" endtime="20221108 09:55:21.009"/>
</kw>
<kw name="Create List" library="BuiltIn">
<var>@{actualList}</var>
<doc>Returns a list containing given items.</doc>
<msg timestamp="20221108 09:55:21.011" level="INFO">@{actualList} = [ ]</msg>
<status status="PASS" starttime="20221108 09:55:21.009" endtime="20221108 09:55:21.011"/>
</kw>
<for flavor="IN">
<var>${element}</var>
<value>@{elements}</value>
<iter>
<var name="${element}">&lt;selenium.webdriver.remote.webelement.WebElement (session="74f055ec-85dc-4b52-af9c-a9834b9de8e1", element="aea1ee29-b53e-4f99-8cbf-5acf17a78e10")&gt;</var>
<kw name="Log" library="BuiltIn">
<arg>${element.text}</arg>
<doc>Logs the given message with the given level.</doc>
<msg timestamp="20221108 09:55:21.203" level="INFO">iphone X</msg>
<status status="PASS" starttime="20221108 09:55:21.013" endtime="20221108 09:55:21.203"/>
</kw>
<kw name="Append To List" library="Collections">
<arg>${actualList}</arg>
<arg>${element.text}</arg>
<doc>Adds ``values`` to the end of ``list``.</doc>
<status status="PASS" starttime="20221108 09:55:21.204" endtime="20221108 09:55:21.232"/>
</kw>
<status status="PASS" starttime="20221108 09:55:21.012" endtime="20221108 09:55:21.232"/>
</iter>
<iter>
<var name="${element}">&lt;selenium.webdriver.remote.webelement.WebElement (session="74f055ec-85dc-4b52-af9c-a9834b9de8e1", element="321f8bb4-cb47-48f5-a3c9-3636106bea51")&gt;</var>
<kw name="Log" library="BuiltIn">
<arg>${element.text}</arg>
<doc>Logs the given message with the given level.</doc>
<msg timestamp="20221108 09:55:21.245" level="INFO">Samsung Note 8</msg>
<status status="PASS" starttime="20221108 09:55:21.232" endtime="20221108 09:55:21.245"/>
</kw>
<kw name="Append To List" library="Collections">
<arg>${actualList}</arg>
<arg>${element.text}</arg>
<doc>Adds ``values`` to the end of ``list``.</doc>
<status status="PASS" starttime="20221108 09:55:21.246" endtime="20221108 09:55:21.257"/>
</kw>
<status status="PASS" starttime="20221108 09:55:21.232" endtime="20221108 09:55:21.257"/>
</iter>
<iter>
<var name="${element}">&lt;selenium.webdriver.remote.webelement.WebElement (session="74f055ec-85dc-4b52-af9c-a9834b9de8e1", element="bf1a3ca3-2bc0-4928-be80-ff62faf12bb5")&gt;</var>
<kw name="Log" library="BuiltIn">
<arg>${element.text}</arg>
<doc>Logs the given message with the given level.</doc>
<msg timestamp="20221108 09:55:21.551" level="INFO">Nokia Edge</msg>
<status status="PASS" starttime="20221108 09:55:21.258" endtime="20221108 09:55:21.552"/>
</kw>
<kw name="Append To List" library="Collections">
<arg>${actualList}</arg>
<arg>${element.text}</arg>
<doc>Adds ``values`` to the end of ``list``.</doc>
<status status="PASS" starttime="20221108 09:55:21.553" endtime="20221108 09:55:21.779"/>
</kw>
<status status="PASS" starttime="20221108 09:55:21.257" endtime="20221108 09:55:21.779"/>
</iter>
<iter>
<var name="${element}">&lt;selenium.webdriver.remote.webelement.WebElement (session="74f055ec-85dc-4b52-af9c-a9834b9de8e1", element="33ce9f39-4a9c-450f-87ad-304b8b4e7d4f")&gt;</var>
<kw name="Log" library="BuiltIn">
<arg>${element.text}</arg>
<doc>Logs the given message with the given level.</doc>
<msg timestamp="20221108 09:55:22.009" level="INFO">Blackberry</msg>
<status status="PASS" starttime="20221108 09:55:21.779" endtime="20221108 09:55:22.010"/>
</kw>
<kw name="Append To List" library="Collections">
<arg>${actualList}</arg>
<arg>${element.text}</arg>
<doc>Adds ``values`` to the end of ``list``.</doc>
<status status="PASS" starttime="20221108 09:55:22.010" endtime="20221108 09:55:22.036"/>
</kw>
<status status="PASS" starttime="20221108 09:55:21.779" endtime="20221108 09:55:22.036"/>
</iter>
<status status="PASS" starttime="20221108 09:55:21.012" endtime="20221108 09:55:22.036"/>
</for>
<kw name="Lists Should Be Equal" library="Collections">
<arg>${expectedList}</arg>
<arg>${actualList}</arg>
<doc>Fails if given lists are unequal.</doc>
<status status="PASS" starttime="20221108 09:55:22.038" endtime="20221108 09:55:22.039"/>
</kw>
<status status="PASS" starttime="20221108 09:55:20.944" endtime="20221108 09:55:22.039"/>
</kw>
<kw name="Add Items To Cart And Checkout" library="Shop">
<arg>${listofproducts}</arg>
<msg timestamp="20221108 09:55:22.095" level="INFO">Clicking button 'xpath:(//*[@class='card-footer'])[3]/button'.</msg>
<msg timestamp="20221108 09:55:22.672" level="INFO">Clicking link 'css:li.active a'.</msg>
<status status="PASS" starttime="20221108 09:55:22.039" endtime="20221108 09:55:24.295"/>
</kw>
<kw name="Verify items in the checkout page and proceed" library="CheckoutPage">
<kw name="Click Element" library="SeleniumLibrary">
<arg>css:.btn-success</arg>
<doc>Click the element identified by ``locator``.</doc>
<msg timestamp="20221108 09:55:24.295" level="INFO">Clicking element 'css:.btn-success'.</msg>
<status status="PASS" starttime="20221108 09:55:24.295" endtime="20221108 09:55:25.137"/>
</kw>
<status status="PASS" starttime="20221108 09:55:24.295" endtime="20221108 09:55:25.137"/>
</kw>
<kw name="Enter the Country" library="ConfirmationPage">
<arg>${country_name}</arg>
<kw name="Input Text" library="SeleniumLibrary">
<arg>country</arg>
<arg>${country_name}</arg>
<doc>Types the given ``text`` into the text field identified by ``locator``.</doc>
<msg timestamp="20221108 09:55:25.143" level="INFO">Typing text 'India' into text field 'country'.</msg>
<status status="PASS" starttime="20221108 09:55:25.143" endtime="20221108 09:55:25.307"/>
</kw>
<kw name="Wait Until Element Is Located on page" library="Generic">
<arg>//a[text()='${country_name}']</arg>
<kw name="Wait Until Element Is Visible" library="SeleniumLibrary">
<arg>${page_locator}</arg>
<arg>10 seconds</arg>
<doc>Waits until the element ``locator`` is visible.</doc>
<status status="PASS" starttime="20221108 09:55:25.310" endtime="20221108 09:55:30.444"/>
</kw>
<status status="PASS" starttime="20221108 09:55:25.309" endtime="20221108 09:55:30.445"/>
</kw>
<kw name="Click Element" library="SeleniumLibrary">
<arg>//a[text()='${country_name}']</arg>
<doc>Click the element identified by ``locator``.</doc>
<msg timestamp="20221108 09:55:30.445" level="INFO">Clicking element '//a[text()='India']'.</msg>
<status status="PASS" starttime="20221108 09:55:30.445" endtime="20221108 09:55:30.731"/>
</kw>
<kw name="Click Element" library="SeleniumLibrary">
<arg>css:.checkbox label</arg>
<doc>Click the element identified by ``locator``.</doc>
<msg timestamp="20221108 09:55:30.734" level="INFO">Clicking element 'css:.checkbox label'.</msg>
<status status="PASS" starttime="20221108 09:55:30.731" endtime="20221108 09:55:31.013"/>
</kw>
<status status="PASS" starttime="20221108 09:55:25.137" endtime="20221108 09:55:31.013"/>
</kw>
<kw name="Purchase the Product and Confirm the Purchase" library="ConfirmationPage">
<kw name="Click Button" library="SeleniumLibrary">
<arg>css:.btn-success</arg>
<doc>Clicks the button identified by ``locator``.</doc>
<msg timestamp="20221108 09:55:31.013" level="INFO">Clicking button 'css:.btn-success'.</msg>
<status status="PASS" starttime="20221108 09:55:31.013" endtime="20221108 09:55:31.448"/>
</kw>
<kw name="Page Should Contain" library="SeleniumLibrary">
<arg>Success!</arg>
<doc>Verifies that current page contains ``text``.</doc>
<msg timestamp="20221108 09:55:31.749" level="INFO">Current page contains text 'Success!'.</msg>
<status status="PASS" starttime="20221108 09:55:31.448" endtime="20221108 09:55:31.749"/>
</kw>
<status status="PASS" starttime="20221108 09:55:31.013" endtime="20221108 09:55:31.750"/>
</kw>
<kw name="Close Browser Session" library="Generic" type="TEARDOWN">
<kw name="Close Browser" library="SeleniumLibrary">
<doc>Closes the current browser.</doc>
<status status="PASS" starttime="20221108 09:55:31.751" endtime="20221108 09:55:41.189"/>
</kw>
<status status="PASS" starttime="20221108 09:55:31.751" endtime="20221108 09:55:41.190"/>
</kw>
<tag>REGRESSION</tag>
<status status="PASS" starttime="20221108 09:54:51.571" endtime="20221108 09:55:41.191"/>
</test>
<test id="s1-t3" name="Select the Form and navigate to Child window" line="40">
<kw name="open the browser with the url" library="Generic" type="SETUP">
<kw name="Create Webdriver" library="SeleniumLibrary">
<arg>${browser_name}</arg>
<arg>executable_path=resources/${browser_name}driver.exe</arg>
<doc>Creates an instance of Selenium WebDriver.</doc>
<msg timestamp="20221108 09:55:41.211" level="INFO">Creating an instance of the Firefox WebDriver.</msg>
<status status="PASS" starttime="20221108 09:55:41.210" endtime="20221108 09:55:56.789"/>
</kw>
<kw name="Go To" library="SeleniumLibrary">
<arg>${url}</arg>
<doc>Navigates the current browser window to the provided ``url``.</doc>
<msg timestamp="20221108 09:55:56.790" level="INFO">Opening url 'https://rahulshettyacademy.com/loginpagePractise/'</msg>
<status status="PASS" starttime="20221108 09:55:56.790" endtime="20221108 09:56:00.207"/>
</kw>
<status status="PASS" starttime="20221108 09:55:41.210" endtime="20221108 09:56:00.208"/>
</kw>
<kw name="Fill the Login Details and Login Form" library="LandingPage">
<arg>${user_name}</arg>
<arg>${valid_password}</arg>
<arg>user</arg>
<arg>teach</arg>
<kw name="Input Text" library="SeleniumLibrary">
<arg>id:username</arg>
<arg>${username}</arg>
<doc>Types the given ``text`` into the text field identified by ``locator``.</doc>
<msg timestamp="20221108 09:56:00.209" level="INFO">Typing text 'rahulshettyacademy' into text field 'id:username'.</msg>
<status status="PASS" starttime="20221108 09:56:00.209" endtime="20221108 09:56:00.589"/>
</kw>
<kw name="Input Password" library="SeleniumLibrary">
<arg>id:password</arg>
<arg>${password}</arg>
<doc>Types the given password into the text field identified by ``locator``.</doc>
<msg timestamp="20221108 09:56:00.590" level="INFO">Typing password into text field 'id:password'.</msg>
<msg timestamp="20221108 09:56:00.607" level="INFO">Temporally setting log level to: NONE</msg>
<msg timestamp="20221108 09:56:00.631" level="INFO">Log level changed from NONE to INFO.</msg>
<status status="PASS" starttime="20221108 09:56:00.589" endtime="20221108 09:56:00.631"/>
</kw>
<kw name="Click Element" library="SeleniumLibrary">
<arg>xpath://input[@value='${useroption}']</arg>
<doc>Click the element identified by ``locator``.</doc>
<msg timestamp="20221108 09:56:00.633" level="INFO">Clicking element 'xpath://input[@value='user']'.</msg>
<status status="PASS" starttime="20221108 09:56:00.632" endtime="20221108 09:56:01.314"/>
</kw>
<kw name="Wait Until Element Is Visible" library="SeleniumLibrary">
<arg>okayBtn</arg>
<doc>Waits until the element ``locator`` is visible.</doc>
<status status="PASS" starttime="20221108 09:56:01.315" endtime="20221108 09:56:01.406"/>
</kw>
<kw name="Click Element" library="SeleniumLibrary">
<arg>okayBtn</arg>
<doc>Click the element identified by ``locator``.</doc>
<msg timestamp="20221108 09:56:01.406" level="INFO">Clicking element 'okayBtn'.</msg>
<status status="PASS" starttime="20221108 09:56:01.406" endtime="20221108 09:56:01.655"/>
</kw>
<kw name="Wait Until Element Is Not Visible" library="SeleniumLibrary">
<arg>okayBtn</arg>
<doc>Waits until the element ``locator`` is not visible.</doc>
<status status="PASS" starttime="20221108 09:56:01.655" endtime="20221108 09:56:01.680"/>
</kw>
<kw name="Select From List By Value" library="SeleniumLibrary">
<arg>css:select.form-control</arg>
<arg>${dropdownoption}</arg>
<doc>Selects options from selection list ``locator`` by ``values``.</doc>
<msg timestamp="20221108 09:56:01.681" level="INFO">Selecting options from selection list 'css:select.form-control' by value teach.</msg>
<status status="PASS" starttime="20221108 09:56:01.680" endtime="20221108 09:56:01.960"/>
</kw>
<kw name="Select Checkbox" library="SeleniumLibrary">
<arg>terms</arg>
<doc>Selects the checkbox identified by ``locator``.</doc>
<msg timestamp="20221108 09:56:01.961" level="INFO">Selecting checkbox 'terms'.</msg>
<status status="PASS" starttime="20221108 09:56:01.961" endtime="20221108 09:56:02.309"/>
</kw>
<kw name="Checkbox Should Be Selected" library="SeleniumLibrary">
<arg>terms</arg>
<doc>Verifies checkbox ``locator`` is selected/checked.</doc>
<msg timestamp="20221108 09:56:02.309" level="INFO">Verifying checkbox 'terms' is selected.</msg>
<status status="PASS" starttime="20221108 09:56:02.309" endtime="20221108 09:56:02.341"/>
</kw>
<status status="PASS" starttime="20221108 09:56:00.208" endtime="20221108 09:56:02.341"/>
</kw>
<kw name="Close Browser Session" library="Generic" type="TEARDOWN">
<kw name="Close Browser" library="SeleniumLibrary">
<doc>Closes the current browser.</doc>
<status status="PASS" starttime="20221108 09:56:02.348" endtime="20221108 09:56:09.316"/>
</kw>
<status status="PASS" starttime="20221108 09:56:02.348" endtime="20221108 09:56:09.316"/>
</kw>
<status status="PASS" starttime="20221108 09:55:41.208" endtime="20221108 09:56:09.317"/>
</test>
<doc>To validate the Login form</doc>
<status status="PASS" starttime="20221108 09:53:41.815" endtime="20221108 09:56:09.339"/>
</suite>
<statistics>
<total>
<stat pass="3" fail="0" skip="0">All Tests</stat>
</total>
<tag>
<stat pass="1" fail="0" skip="0">REGRESSION</stat>
</tag>
<suite>
<stat pass="3" fail="0" skip="0" id="s1" name="testDemo6contClean">testDemo6contClean</stat>
</suite>
</statistics>
<errors>
</errors>
</robot>
