<?xml version="1.0" encoding="UTF-8"?>
<robot generator="Robot 6.0 (Python 3.10.8 on win32)" generated="20221101 14:16:10.129" rpa="false" schemaversion="3">
<suite id="s1" name="Tests" source="C:\Users\Admin\PycharmProjects\RobotFramework\tests">
<suite id="s1-s1" name="testDemo6contClean" source="C:\Users\Admin\PycharmProjects\RobotFramework\tests\testDemo6contClean.robot">
<test id="s1-s1-t1" name="Validate UnSuccesrsful Login" line="22">
<kw name="open the browser with the url" library="Generic" type="SETUP">
<arg>Chrome</arg>
<kw name="Create Webdriver" library="SeleniumLibrary">
<arg>${browser_name}</arg>
<arg>executable_path=resources/${browser_name}driver.exe</arg>
<doc>Creates an instance of Selenium WebDriver.</doc>
<msg timestamp="20221101 14:16:11.666" level="INFO">Creating an instance of the Chrome WebDriver.</msg>
<status status="PASS" starttime="20221101 14:16:11.665" endtime="20221101 14:16:46.205"/>
</kw>
<kw name="Go To" library="SeleniumLibrary">
<arg>${url}</arg>
<doc>Navigates the current browser window to the provided ``url``.</doc>
<msg timestamp="20221101 14:16:46.207" level="INFO">Opening url 'https://rahulshettyacademy.com/loginpagePractise/'</msg>
<status status="PASS" starttime="20221101 14:16:46.206" endtime="20221101 14:16:51.108"/>
</kw>
<status status="PASS" starttime="20221101 14:16:11.664" endtime="20221101 14:16:51.108"/>
</kw>
<kw name="Fill the login Form" library="LandingPage">
<arg>${user_name}</arg>
<arg>${invalid_password}</arg>
<kw name="Input Text" library="SeleniumLibrary">
<arg>id:username</arg>
<arg>${username}</arg>
<doc>Types the given ``text`` into the text field identified by ``locator``.</doc>
<msg timestamp="20221101 14:16:51.114" level="INFO">Typing text 'rahulshettyacademy' into text field 'id:username'.</msg>
<status status="PASS" starttime="20221101 14:16:51.111" endtime="20221101 14:16:51.603"/>
</kw>
<kw name="Input Password" library="SeleniumLibrary">
<arg>id:password</arg>
<arg>${password}</arg>
<doc>Types the given password into the text field identified by ``locator``.</doc>
<msg timestamp="20221101 14:16:51.605" level="INFO">Typing password into text field 'id:password'.</msg>
<msg timestamp="20221101 14:16:51.701" level="INFO">Temporally setting log level to: NONE</msg>
<msg timestamp="20221101 14:16:51.802" level="INFO">Log level changed from NONE to INFO.</msg>
<status status="PASS" starttime="20221101 14:16:51.604" endtime="20221101 14:16:51.802"/>
</kw>
<kw name="Click Button" library="SeleniumLibrary">
<arg>signInBtn</arg>
<doc>Clicks the button identified by ``locator``.</doc>
<msg timestamp="20221101 14:16:51.805" level="INFO">Clicking button 'signInBtn'.</msg>
<status status="PASS" starttime="20221101 14:16:51.803" endtime="20221101 14:16:51.914"/>
</kw>
<status status="PASS" starttime="20221101 14:16:51.109" endtime="20221101 14:16:51.914"/>
</kw>
<kw name="Wait Until Element Is Located in the page" library="LandingPage">
<kw name="Wait Until Element Is Located on page" library="Generic">
<arg>${Error_Message_Login}</arg>
<kw name="Wait Until Element Is Visible" library="SeleniumLibrary">
<arg>${page_locator}</arg>
<arg>10 seconds</arg>
<doc>Waits until the element ``locator`` is visible.</doc>
<status status="PASS" starttime="20221101 14:16:51.920" endtime="20221101 14:16:53.988"/>
</kw>
<status status="PASS" starttime="20221101 14:16:51.918" endtime="20221101 14:16:53.989"/>
</kw>
<status status="PASS" starttime="20221101 14:16:51.915" endtime="20221101 14:16:53.989"/>
</kw>
<kw name="verify error message is correct" library="LandingPage">
<kw name="Get Text" library="SeleniumLibrary">
<var>${result}</var>
<arg>${Error_Message_Login}</arg>
<doc>Returns the text value of the element identified by ``locator``.</doc>
<msg timestamp="20221101 14:16:54.022" level="INFO">${result} = Incorrect username/password.</msg>
<status status="PASS" starttime="20221101 14:16:53.990" endtime="20221101 14:16:54.022"/>
</kw>
<kw name="Should Be Equal As Strings" library="BuiltIn">
<arg>${result}</arg>
<arg>Incorrect username/password.</arg>
<doc>Fails if objects are unequal after converting them to strings.</doc>
<status status="PASS" starttime="20221101 14:16:54.023" endtime="20221101 14:16:54.023"/>
</kw>
<kw name="Element Text Should Be" library="SeleniumLibrary">
<arg>${Error_Message_Login}</arg>
<arg>Incorrect username/password.</arg>
<doc>Verifies that element ``locator`` contains exact the text ``expected``.</doc>
<msg timestamp="20221101 14:16:54.025" level="INFO">Verifying element 'css:.alert-danger' contains exact text 'Incorrect username/password.'.</msg>
<status status="PASS" starttime="20221101 14:16:54.023" endtime="20221101 14:16:54.048"/>
</kw>
<status status="PASS" starttime="20221101 14:16:53.989" endtime="20221101 14:16:54.048"/>
</kw>
<kw name="Close Browser Session" library="Generic" type="TEARDOWN">
<kw name="Close Browser" library="SeleniumLibrary">
<doc>Closes the current browser.</doc>
<status status="PASS" starttime="20221101 14:16:54.050" endtime="20221101 14:16:56.190"/>
</kw>
<status status="PASS" starttime="20221101 14:16:54.048" endtime="20221101 14:16:56.190"/>
</kw>
<status status="PASS" starttime="20221101 14:16:11.662" endtime="20221101 14:16:56.190"/>
</test>
<test id="s1-s1-t2" name="Validate Cards display in the Shopping Page" line="27">
<kw name="open the browser with the url" library="Generic" type="SETUP">
<arg>Chrome</arg>
<kw name="Create Webdriver" library="SeleniumLibrary">
<arg>${browser_name}</arg>
<arg>executable_path=resources/${browser_name}driver.exe</arg>
<doc>Creates an instance of Selenium WebDriver.</doc>
<msg timestamp="20221101 14:16:56.190" level="INFO">Creating an instance of the Chrome WebDriver.</msg>
<status status="PASS" starttime="20221101 14:16:56.190" endtime="20221101 14:16:57.544"/>
</kw>
<kw name="Go To" library="SeleniumLibrary">
<arg>${url}</arg>
<doc>Navigates the current browser window to the provided ``url``.</doc>
<msg timestamp="20221101 14:16:57.545" level="INFO">Opening url 'https://rahulshettyacademy.com/loginpagePractise/'</msg>
<status status="PASS" starttime="20221101 14:16:57.544" endtime="20221101 14:17:00.651"/>
</kw>
<status status="PASS" starttime="20221101 14:16:56.190" endtime="20221101 14:17:00.652"/>
</kw>
<kw name="Fill the login Form" library="LandingPage">
<arg>${user_name}</arg>
<arg>${valid_password}</arg>
<kw name="Input Text" library="SeleniumLibrary">
<arg>id:username</arg>
<arg>${username}</arg>
<doc>Types the given ``text`` into the text field identified by ``locator``.</doc>
<msg timestamp="20221101 14:17:00.656" level="INFO">Typing text 'rahulshettyacademy' into text field 'id:username'.</msg>
<status status="PASS" starttime="20221101 14:17:00.654" endtime="20221101 14:17:00.841"/>
</kw>
<kw name="Input Password" library="SeleniumLibrary">
<arg>id:password</arg>
<arg>${password}</arg>
<doc>Types the given password into the text field identified by ``locator``.</doc>
<msg timestamp="20221101 14:17:00.841" level="INFO">Typing password into text field 'id:password'.</msg>
<msg timestamp="20221101 14:17:00.933" level="INFO">Temporally setting log level to: NONE</msg>
<msg timestamp="20221101 14:17:01.024" level="INFO">Log level changed from NONE to INFO.</msg>
<status status="PASS" starttime="20221101 14:17:00.841" endtime="20221101 14:17:01.024"/>
</kw>
<kw name="Click Button" library="SeleniumLibrary">
<arg>signInBtn</arg>
<doc>Clicks the button identified by ``locator``.</doc>
<msg timestamp="20221101 14:17:01.025" level="INFO">Clicking button 'signInBtn'.</msg>
<status status="PASS" starttime="20221101 14:17:01.024" endtime="20221101 14:17:01.107"/>
</kw>
<status status="PASS" starttime="20221101 14:17:00.652" endtime="20221101 14:17:01.107"/>
</kw>
<kw name="Wait Until Element Is Located in the page" library="ShopPage">
<kw name="Wait Until Element Is Located on page" library="Generic">
<arg>${Shop_page_load}</arg>
<kw name="Wait Until Element Is Visible" library="SeleniumLibrary">
<arg>${page_locator}</arg>
<arg>10 seconds</arg>
<doc>Waits until the element ``locator`` is visible.</doc>
<status status="PASS" starttime="20221101 14:17:01.110" endtime="20221101 14:17:05.221"/>
</kw>
<status status="PASS" starttime="20221101 14:17:01.109" endtime="20221101 14:17:05.222"/>
</kw>
<status status="PASS" starttime="20221101 14:17:01.108" endtime="20221101 14:17:05.222"/>
</kw>
<kw name="Verify Card Titles in the Shop page" library="ShopPage">
<kw name="Create List" library="BuiltIn">
<var>@{expectedList}</var>
<arg>iphone X</arg>
<arg>Samsung Note 8</arg>
<arg>Nokia Edge</arg>
<arg>Blackberry</arg>
<doc>Returns a list containing given items.</doc>
<msg timestamp="20221101 14:17:05.224" level="INFO">@{expectedList} = [ iphone X | Samsung Note 8 | Nokia Edge | Blackberry ]</msg>
<status status="PASS" starttime="20221101 14:17:05.224" endtime="20221101 14:17:05.225"/>
</kw>
<kw name="Get WebElements" library="SeleniumLibrary">
<var>${elements}</var>
<arg>css:.card-title</arg>
<doc>Returns a list of WebElement objects matching the ``locator``.</doc>
<msg timestamp="20221101 14:17:05.236" level="INFO">${elements} = [&lt;selenium.webdriver.remote.webelement.WebElement (session="741eee11c4cd0993321fbee45e4ed949", element="cbe95705-eff2-4b86-94da-413e2e7e398c")&gt;, &lt;selenium.webdriver.remote.webelement.WebElement (sessi...</msg>
<status status="PASS" starttime="20221101 14:17:05.225" endtime="20221101 14:17:05.236"/>
</kw>
<kw name="Create List" library="BuiltIn">
<var>@{actualList}</var>
<doc>Returns a list containing given items.</doc>
<msg timestamp="20221101 14:17:05.236" level="INFO">@{actualList} = [ ]</msg>
<status status="PASS" starttime="20221101 14:17:05.236" endtime="20221101 14:17:05.236"/>
</kw>
<for flavor="IN">
<var>${element}</var>
<value>@{elements}</value>
<iter>
<var name="${element}">&lt;selenium.webdriver.remote.webelement.WebElement (session="741eee11c4cd0993321fbee45e4ed949", element="cbe95705-eff2-4b86-94da-413e2e7e398c")&gt;</var>
<kw name="Log" library="BuiltIn">
<arg>${element.text}</arg>
<doc>Logs the given message with the given level.</doc>
<msg timestamp="20221101 14:17:05.252" level="INFO">iphone X</msg>
<status status="PASS" starttime="20221101 14:17:05.236" endtime="20221101 14:17:05.252"/>
</kw>
<kw name="Append To List" library="Collections">
<arg>${actualList}</arg>
<arg>${element.text}</arg>
<doc>Adds ``values`` to the end of ``list``.</doc>
<status status="PASS" starttime="20221101 14:17:05.252" endtime="20221101 14:17:05.267"/>
</kw>
<status status="PASS" starttime="20221101 14:17:05.236" endtime="20221101 14:17:05.267"/>
</iter>
<iter>
<var name="${element}">&lt;selenium.webdriver.remote.webelement.WebElement (session="741eee11c4cd0993321fbee45e4ed949", element="18d780d1-8895-4eac-b7c5-f82d0ec76304")&gt;</var>
<kw name="Log" library="BuiltIn">
<arg>${element.text}</arg>
<doc>Logs the given message with the given level.</doc>
<msg timestamp="20221101 14:17:05.283" level="INFO">Samsung Note 8</msg>
<status status="PASS" starttime="20221101 14:17:05.267" endtime="20221101 14:17:05.283"/>
</kw>
<kw name="Append To List" library="Collections">
<arg>${actualList}</arg>
<arg>${element.text}</arg>
<doc>Adds ``values`` to the end of ``list``.</doc>
<status status="PASS" starttime="20221101 14:17:05.283" endtime="20221101 14:17:05.299"/>
</kw>
<status status="PASS" starttime="20221101 14:17:05.267" endtime="20221101 14:17:05.299"/>
</iter>
<iter>
<var name="${element}">&lt;selenium.webdriver.remote.webelement.WebElement (session="741eee11c4cd0993321fbee45e4ed949", element="077206d6-feb6-4efa-aa1f-f5f49f6015e5")&gt;</var>
<kw name="Log" library="BuiltIn">
<arg>${element.text}</arg>
<doc>Logs the given message with the given level.</doc>
<msg timestamp="20221101 14:17:05.314" level="INFO">Nokia Edge</msg>
<status status="PASS" starttime="20221101 14:17:05.299" endtime="20221101 14:17:05.314"/>
</kw>
<kw name="Append To List" library="Collections">
<arg>${actualList}</arg>
<arg>${element.text}</arg>
<doc>Adds ``values`` to the end of ``list``.</doc>
<status status="PASS" starttime="20221101 14:17:05.314" endtime="20221101 14:17:05.330"/>
</kw>
<status status="PASS" starttime="20221101 14:17:05.299" endtime="20221101 14:17:05.330"/>
</iter>
<iter>
<var name="${element}">&lt;selenium.webdriver.remote.webelement.WebElement (session="741eee11c4cd0993321fbee45e4ed949", element="ecdfdced-bf7e-4eb4-9b46-0129d310891b")&gt;</var>
<kw name="Log" library="BuiltIn">
<arg>${element.text}</arg>
<doc>Logs the given message with the given level.</doc>
<msg timestamp="20221101 14:17:05.345" level="INFO">Blackberry</msg>
<status status="PASS" starttime="20221101 14:17:05.330" endtime="20221101 14:17:05.345"/>
</kw>
<kw name="Append To List" library="Collections">
<arg>${actualList}</arg>
<arg>${element.text}</arg>
<doc>Adds ``values`` to the end of ``list``.</doc>
<status status="PASS" starttime="20221101 14:17:05.345" endtime="20221101 14:17:05.361"/>
</kw>
<status status="PASS" starttime="20221101 14:17:05.330" endtime="20221101 14:17:05.361"/>
</iter>
<status status="PASS" starttime="20221101 14:17:05.236" endtime="20221101 14:17:05.361"/>
</for>
<kw name="Lists Should Be Equal" library="Collections">
<arg>${expectedList}</arg>
<arg>${actualList}</arg>
<doc>Fails if given lists are unequal.</doc>
<status status="PASS" starttime="20221101 14:17:05.361" endtime="20221101 14:17:05.361"/>
</kw>
<status status="PASS" starttime="20221101 14:17:05.223" endtime="20221101 14:17:05.361"/>
</kw>
<kw name="Add Items To Cart And Checkout" library="Shop">
<arg>${listofproducts}</arg>
<msg timestamp="20221101 14:17:05.402" level="INFO">Clicking button 'xpath:(//*[@class='card-footer'])[3]/button'.</msg>
<msg timestamp="20221101 14:17:05.511" level="INFO">Clicking link 'css:li.active a'.</msg>
<status status="PASS" starttime="20221101 14:17:05.361" endtime="20221101 14:17:05.583"/>
</kw>
<kw name="Verify items in the checkout page and proceed" library="CheckoutPage">
<kw name="Click Element" library="SeleniumLibrary">
<arg>css:.btn-success</arg>
<doc>Click the element identified by ``locator``.</doc>
<msg timestamp="20221101 14:17:05.588" level="INFO">Clicking element 'css:.btn-success'.</msg>
<status status="PASS" starttime="20221101 14:17:05.585" endtime="20221101 14:17:05.671"/>
</kw>
<status status="PASS" starttime="20221101 14:17:05.584" endtime="20221101 14:17:05.672"/>
</kw>
<kw name="Enter the Country" library="ConfirmationPage">
<arg>${country_name}</arg>
<kw name="Input Text" library="SeleniumLibrary">
<arg>country</arg>
<arg>${country_name}</arg>
<doc>Types the given ``text`` into the text field identified by ``locator``.</doc>
<msg timestamp="20221101 14:17:05.675" level="INFO">Typing text 'India' into text field 'country'.</msg>
<status status="PASS" starttime="20221101 14:17:05.674" endtime="20221101 14:17:05.816"/>
</kw>
<kw name="Wait Until Element Is Located on page" library="Generic">
<arg>//a[text()='${country_name}']</arg>
<kw name="Wait Until Element Is Visible" library="SeleniumLibrary">
<arg>${page_locator}</arg>
<arg>10 seconds</arg>
<doc>Waits until the element ``locator`` is visible.</doc>
<status status="PASS" starttime="20221101 14:17:05.817" endtime="20221101 14:17:10.980"/>
</kw>
<status status="PASS" starttime="20221101 14:17:05.816" endtime="20221101 14:17:10.980"/>
</kw>
<kw name="Click Element" library="SeleniumLibrary">
<arg>//a[text()='${country_name}']</arg>
<doc>Click the element identified by ``locator``.</doc>
<msg timestamp="20221101 14:17:10.980" level="INFO">Clicking element '//a[text()='India']'.</msg>
<status status="PASS" starttime="20221101 14:17:10.980" endtime="20221101 14:17:11.070"/>
</kw>
<kw name="Select Checkbox" library="SeleniumLibrary">
<arg>css:div.checkbox input</arg>
<doc>Selects the checkbox identified by ``locator``.</doc>
<msg timestamp="20221101 14:17:11.074" level="INFO">Selecting checkbox 'css:div.checkbox input'.</msg>
<msg timestamp="20221101 14:17:12.290" level="INFO" html="true">&lt;/td&gt;&lt;/tr&gt;&lt;tr&gt;&lt;td colspan="3"&gt;&lt;a href="selenium-screenshot-1.png"&gt;&lt;img src="selenium-screenshot-1.png" width="800px"&gt;&lt;/a&gt;</msg>
<msg timestamp="20221101 14:17:12.290" level="FAIL">ElementClickInterceptedException: Message: element click intercepted: Element &lt;input id="checkbox2" type="checkbox"&gt; is not clickable at point (398, 243). Other element would receive the click: &lt;label for="checkbox2"&gt;...&lt;/label&gt;
  (Session info: chrome=106.0.5249.121)
Stacktrace:
Backtrace:
	Ordinal0 [0x00B81ED3+2236115]
	Ordinal0 [0x00B192F1+1807089]
	Ordinal0 [0x00A266FD+812797]
	Ordinal0 [0x00A5BEC7+1031879]
	Ordinal0 [0x00A59E6C+1023596]
	Ordinal0 [0x00A57A5B+1014363]
	Ordinal0 [0x00A566E7+1009383]
	Ordinal0 [0x00A4C416+967702]
	Ordinal0 [0x00A71A8C+1120908]
	Ordinal0 [0x00A4BD84+966020]
	Ordinal0 [0x00A71CA4+1121444]
	Ordinal0 [0x00A859E2+1202658]
	Ordinal0 [0x00A718A6+1120422]
	Ordinal0 [0x00A4A73D+960317]
	Ordinal0 [0x00A4B71F+964383]
	GetHandleVerifier [0x00E2E7E2+2743074]
	GetHandleVerifier [0x00E208D4+2685972]
	GetHandleVerifier [0x00C12BAA+532202]
	GetHandleVerifier [0x00C11990+527568]
	Ordinal0 [0x00B2080C+1837068]
	Ordinal0 [0x00B24CD8+1854680]
	Ordinal0 [0x00B24DC5+1854917]
	Ordinal0 [0x00B2ED64+1895780]
	BaseThreadInitThunk [0x7713FA29+25]
	RtlGetAppContainerNamedObjectPath [0x776C7BBE+286]
	RtlGetAppContainerNamedObjectPath [0x776C7B8E+238]
</msg>
<status status="FAIL" starttime="20221101 14:17:11.072" endtime="20221101 14:17:12.946"/>
</kw>
<status status="FAIL" starttime="20221101 14:17:05.672" endtime="20221101 14:17:12.946"/>
</kw>
<kw name="Purchase the Product and Confirm the Purchase" library="ConfirmationPage">
<status status="NOT RUN" starttime="20221101 14:17:12.946" endtime="20221101 14:17:12.946"/>
</kw>
<kw name="Close Browser Session" library="Generic" type="TEARDOWN">
<kw name="Close Browser" library="SeleniumLibrary">
<doc>Closes the current browser.</doc>
<status status="PASS" starttime="20221101 14:17:12.946" endtime="20221101 14:17:15.274"/>
</kw>
<status status="PASS" starttime="20221101 14:17:12.946" endtime="20221101 14:17:15.274"/>
</kw>
<status status="FAIL" starttime="20221101 14:16:56.190" endtime="20221101 14:17:15.274">ElementClickInterceptedException: Message: element click intercepted: Element &lt;input id="checkbox2" type="checkbox"&gt; is not clickable at point (398, 243). Other element would receive the click: &lt;label for="checkbox2"&gt;...&lt;/label&gt;
  (Session info: chrome=106.0.5249.121)
Stacktrace:
Backtrace:
	Ordinal0 [0x00B81ED3+2236115]
	Ordinal0 [0x00B192F1+1807089]
	Ordinal0 [0x00A266FD+812797]
	Ordinal0 [0x00A5BEC7+1031879]
	Ordinal0 [0x00A59E6C+1023596]
	Ordinal0 [0x00A57A5B+1014363]
	Ordinal0 [0x00A566E7+1009383]
	Ordinal0 [0x00A4C416+967702]
	Ordinal0 [0x00A71A8C+1120908]
	Ordinal0 [0x00A4BD84+966020]
	Ordinal0 [0x00A71CA4+1121444]
	Ordinal0 [0x00A859E2+1202658]
	Ordinal0 [0x00A718A6+1120422]
	Ordinal0 [0x00A4A73D+960317]
	Ordinal0 [0x00A4B71F+964383]
	GetHandleVerifier [0x00E2E7E2+2743074]
	GetHandleVerifier [0x00E208D4+2685972]
	GetHandleVerifier [0x00C12BAA+532202]
	GetHandleVerifier [0x00C11990+527568]
	Ordinal0 [0x00B2080C+1837068]
	Ordinal0 [0x00B24CD8+1854680]
	Ordinal0 [0x00B24DC5+1854917]
	Ordinal0 [0x00B2ED64+1895780]
	BaseThreadInitThunk [0x7713FA29+25]
	RtlGetAppContainerNamedObjectPath [0x776C7BBE+286]
	RtlGetAppContainerNamedObjectPath [0x776C7B8E+238]
</status>
</test>
<test id="s1-s1-t3" name="Select the Form and navigate to Child window" line="36">
<kw name="open the browser with the url" library="Generic" type="SETUP">
<arg>Chrome</arg>
<kw name="Create Webdriver" library="SeleniumLibrary">
<arg>${browser_name}</arg>
<arg>executable_path=resources/${browser_name}driver.exe</arg>
<doc>Creates an instance of Selenium WebDriver.</doc>
<msg timestamp="20221101 14:17:15.305" level="INFO">Creating an instance of the Chrome WebDriver.</msg>
<status status="PASS" starttime="20221101 14:17:15.305" endtime="20221101 14:17:16.753"/>
</kw>
<kw name="Go To" library="SeleniumLibrary">
<arg>${url}</arg>
<doc>Navigates the current browser window to the provided ``url``.</doc>
<msg timestamp="20221101 14:17:16.754" level="INFO">Opening url 'https://rahulshettyacademy.com/loginpagePractise/'</msg>
<status status="PASS" starttime="20221101 14:17:16.753" endtime="20221101 14:17:19.934"/>
</kw>
<status status="PASS" starttime="20221101 14:17:15.290" endtime="20221101 14:17:19.935"/>
</kw>
<kw name="Fill the Login Details and Login Form" library="LandingPage">
<arg>${user_name}</arg>
<arg>${valid_password}</arg>
<arg>user</arg>
<arg>teach</arg>
<kw name="Input Text" library="SeleniumLibrary">
<arg>id:username</arg>
<arg>${username}</arg>
<doc>Types the given ``text`` into the text field identified by ``locator``.</doc>
<msg timestamp="20221101 14:17:19.938" level="INFO">Typing text 'rahulshettyacademy' into text field 'id:username'.</msg>
<status status="PASS" starttime="20221101 14:17:19.936" endtime="20221101 14:17:20.130"/>
</kw>
<kw name="Input Password" library="SeleniumLibrary">
<arg>id:password</arg>
<arg>${password}</arg>
<doc>Types the given password into the text field identified by ``locator``.</doc>
<msg timestamp="20221101 14:17:20.130" level="INFO">Typing password into text field 'id:password'.</msg>
<msg timestamp="20221101 14:17:20.208" level="INFO">Temporally setting log level to: NONE</msg>
<msg timestamp="20221101 14:17:20.314" level="INFO">Log level changed from NONE to INFO.</msg>
<status status="PASS" starttime="20221101 14:17:20.130" endtime="20221101 14:17:20.314"/>
</kw>
<kw name="Click Element" library="SeleniumLibrary">
<arg>xpath://input[@value='${useroption}']</arg>
<doc>Click the element identified by ``locator``.</doc>
<msg timestamp="20221101 14:17:20.316" level="INFO">Clicking element 'xpath://input[@value='user']'.</msg>
<status status="PASS" starttime="20221101 14:17:20.315" endtime="20221101 14:17:20.404"/>
</kw>
<kw name="Wait Until Element Is Visible" library="SeleniumLibrary">
<arg>okayBtn</arg>
<doc>Waits until the element ``locator`` is visible.</doc>
<status status="PASS" starttime="20221101 14:17:20.405" endtime="20221101 14:17:20.445"/>
</kw>
<kw name="Click Element" library="SeleniumLibrary">
<arg>okayBtn</arg>
<doc>Click the element identified by ``locator``.</doc>
<msg timestamp="20221101 14:17:20.447" level="INFO">Clicking element 'okayBtn'.</msg>
<status status="PASS" starttime="20221101 14:17:20.446" endtime="20221101 14:17:20.501"/>
</kw>
<kw name="Wait Until Element Is Not Visible" library="SeleniumLibrary">
<arg>okayBtn</arg>
<doc>Waits until the element ``locator`` is not visible.</doc>
<status status="PASS" starttime="20221101 14:17:20.501" endtime="20221101 14:17:20.531"/>
</kw>
<kw name="Select From List By Value" library="SeleniumLibrary">
<arg>css:select.form-control</arg>
<arg>${dropdownoption}</arg>
<doc>Selects options from selection list ``locator`` by ``values``.</doc>
<msg timestamp="20221101 14:17:20.532" level="INFO">Selecting options from selection list 'css:select.form-control' by value teach.</msg>
<status status="PASS" starttime="20221101 14:17:20.531" endtime="20221101 14:17:20.641"/>
</kw>
<kw name="Select Checkbox" library="SeleniumLibrary">
<arg>terms</arg>
<doc>Selects the checkbox identified by ``locator``.</doc>
<msg timestamp="20221101 14:17:20.643" level="INFO">Selecting checkbox 'terms'.</msg>
<status status="PASS" starttime="20221101 14:17:20.642" endtime="20221101 14:17:20.727"/>
</kw>
<kw name="Checkbox Should Be Selected" library="SeleniumLibrary">
<arg>terms</arg>
<doc>Verifies checkbox ``locator`` is selected/checked.</doc>
<msg timestamp="20221101 14:17:20.729" level="INFO">Verifying checkbox 'terms' is selected.</msg>
<status status="PASS" starttime="20221101 14:17:20.727" endtime="20221101 14:17:20.753"/>
</kw>
<status status="PASS" starttime="20221101 14:17:19.935" endtime="20221101 14:17:20.754"/>
</kw>
<kw name="Close Browser Session" library="Generic" type="TEARDOWN">
<kw name="Close Browser" library="SeleniumLibrary">
<doc>Closes the current browser.</doc>
<status status="PASS" starttime="20221101 14:17:20.756" endtime="20221101 14:17:22.880"/>
</kw>
<status status="PASS" starttime="20221101 14:17:20.755" endtime="20221101 14:17:22.880"/>
</kw>
<status status="PASS" starttime="20221101 14:17:15.290" endtime="20221101 14:17:22.880"/>
</test>
<doc>To validate the Login form</doc>
<status status="FAIL" starttime="20221101 14:16:10.194" endtime="20221101 14:17:22.880"/>
</suite>
<status status="FAIL" starttime="20221101 14:16:10.150" endtime="20221101 14:17:22.880"/>
</suite>
<statistics>
<total>
<stat pass="2" fail="1" skip="0">All Tests</stat>
</total>
<tag>
</tag>
<suite>
<stat pass="2" fail="1" skip="0" id="s1" name="Tests">Tests</stat>
<stat pass="2" fail="1" skip="0" id="s1-s1" name="testDemo6contClean">Tests.testDemo6contClean</stat>
</suite>
</statistics>
<errors>
</errors>
</robot>
