<?xml version="1.0" encoding="UTF-8"?>
<robot generator="Robot 6.0 (Python 3.10.8 on win32)" generated="20221101 14:16:06.151" rpa="false" schemaversion="3">
<suite id="s1" name="Tests" source="C:\Users\Admin\PycharmProjects\RobotFramework\tests">
<suite id="s1-s1" name="testDemo6cont" source="C:\Users\Admin\PycharmProjects\RobotFramework\tests\testDemo6cont.robot">
<test id="s1-s1-t1" name="Validate UnSuccesrsful Login" line="19">
<kw name="open the browser with the Mortgage payment url" library="Generic" type="SETUP">
<kw name="Create Webdriver" library="SeleniumLibrary">
<arg>Chrome</arg>
<arg>executable_path=${chromedriver_path}</arg>
<doc>Creates an instance of Selenium WebDriver.</doc>
<msg timestamp="20221101 14:16:10.001" level="INFO">Creating an instance of the Chrome WebDriver.</msg>
<status status="PASS" starttime="20221101 14:16:10.000" endtime="20221101 14:16:12.664"/>
</kw>
<kw name="Go To" library="SeleniumLibrary">
<arg>${url}</arg>
<doc>Navigates the current browser window to the provided ``url``.</doc>
<msg timestamp="20221101 14:16:12.665" level="INFO">Opening url 'https://rahulshettyacademy.com/loginpagePractise/'</msg>
<status status="PASS" starttime="20221101 14:16:12.664" endtime="20221101 14:16:19.349"/>
</kw>
<status status="PASS" starttime="20221101 14:16:09.999" endtime="20221101 14:16:19.350"/>
</kw>
<kw name="Fill the login Form" library="LandingPage">
<arg>${user_name}</arg>
<arg>${invalid_password}</arg>
<kw name="Input Text" library="SeleniumLibrary">
<arg>id:username</arg>
<arg>${username}</arg>
<doc>Types the given ``text`` into the text field identified by ``locator``.</doc>
<msg timestamp="20221101 14:16:19.354" level="INFO">Typing text 'rahulshettyacademy' into text field 'id:username'.</msg>
<status status="PASS" starttime="20221101 14:16:19.352" endtime="20221101 14:16:19.548"/>
</kw>
<kw name="Input Password" library="SeleniumLibrary">
<arg>id:password</arg>
<arg>${password}</arg>
<doc>Types the given password into the text field identified by ``locator``.</doc>
<msg timestamp="20221101 14:16:19.551" level="INFO">Typing password into text field 'id:password'.</msg>
<msg timestamp="20221101 14:16:19.622" level="INFO">Temporally setting log level to: NONE</msg>
<msg timestamp="20221101 14:16:19.692" level="INFO">Log level changed from NONE to INFO.</msg>
<status status="PASS" starttime="20221101 14:16:19.549" endtime="20221101 14:16:19.692"/>
</kw>
<kw name="Click Button" library="SeleniumLibrary">
<arg>signInBtn</arg>
<doc>Clicks the button identified by ``locator``.</doc>
<msg timestamp="20221101 14:16:19.695" level="INFO">Clicking button 'signInBtn'.</msg>
<status status="PASS" starttime="20221101 14:16:19.693" endtime="20221101 14:16:19.800"/>
</kw>
<status status="PASS" starttime="20221101 14:16:19.351" endtime="20221101 14:16:19.801"/>
</kw>
<kw name="Wait Until Element Is Located in the page" library="LandingPage">
<kw name="Wait Until Element Is Located on page" library="Generic">
<arg>${Error_Message_Login}</arg>
<kw name="Wait Until Element Is Visible" library="SeleniumLibrary">
<arg>${page_locator}</arg>
<arg>10 seconds</arg>
<doc>Waits until the element ``locator`` is visible.</doc>
<status status="PASS" starttime="20221101 14:16:19.803" endtime="20221101 14:16:21.964"/>
</kw>
<status status="PASS" starttime="20221101 14:16:19.802" endtime="20221101 14:16:21.965"/>
</kw>
<status status="PASS" starttime="20221101 14:16:19.802" endtime="20221101 14:16:21.965"/>
</kw>
<kw name="verify error message is correct" library="LandingPage">
<kw name="Get Text" library="SeleniumLibrary">
<var>${result}</var>
<arg>${Error_Message_Login}</arg>
<doc>Returns the text value of the element identified by ``locator``.</doc>
<msg timestamp="20221101 14:16:22.000" level="INFO">${result} = Incorrect username/password.</msg>
<status status="PASS" starttime="20221101 14:16:21.966" endtime="20221101 14:16:22.000"/>
</kw>
<kw name="Should Be Equal As Strings" library="BuiltIn">
<arg>${result}</arg>
<arg>Incorrect username/password.</arg>
<doc>Fails if objects are unequal after converting them to strings.</doc>
<status status="PASS" starttime="20221101 14:16:22.001" endtime="20221101 14:16:22.001"/>
</kw>
<kw name="Element Text Should Be" library="SeleniumLibrary">
<arg>${Error_Message_Login}</arg>
<arg>Incorrect username/password.</arg>
<doc>Verifies that element ``locator`` contains exact the text ``expected``.</doc>
<msg timestamp="20221101 14:16:22.003" level="INFO">Verifying element 'css:.alert-danger' contains exact text 'Incorrect username/password.'.</msg>
<status status="PASS" starttime="20221101 14:16:22.002" endtime="20221101 14:16:22.029"/>
</kw>
<status status="PASS" starttime="20221101 14:16:21.965" endtime="20221101 14:16:22.029"/>
</kw>
<kw name="Close Browser Session" library="Generic" type="TEARDOWN">
<kw name="Close Browser" library="SeleniumLibrary">
<doc>Closes the current browser.</doc>
<status status="PASS" starttime="20221101 14:16:22.031" endtime="20221101 14:16:24.930"/>
</kw>
<status status="PASS" starttime="20221101 14:16:22.030" endtime="20221101 14:16:24.930"/>
</kw>
<status status="PASS" starttime="20221101 14:16:09.997" endtime="20221101 14:16:24.930"/>
</test>
<test id="s1-s1-t2" name="Validate Cards display in the Shopping Page" line="25">
<kw name="open the browser with the Mortgage payment url" library="Generic" type="SETUP">
<kw name="Create Webdriver" library="SeleniumLibrary">
<arg>Chrome</arg>
<arg>executable_path=${chromedriver_path}</arg>
<doc>Creates an instance of Selenium WebDriver.</doc>
<msg timestamp="20221101 14:16:24.930" level="INFO">Creating an instance of the Chrome WebDriver.</msg>
<status status="PASS" starttime="20221101 14:16:24.930" endtime="20221101 14:16:28.176"/>
</kw>
<kw name="Go To" library="SeleniumLibrary">
<arg>${url}</arg>
<doc>Navigates the current browser window to the provided ``url``.</doc>
<msg timestamp="20221101 14:16:28.178" level="INFO">Opening url 'https://rahulshettyacademy.com/loginpagePractise/'</msg>
<status status="PASS" starttime="20221101 14:16:28.177" endtime="20221101 14:16:35.468"/>
</kw>
<status status="PASS" starttime="20221101 14:16:24.930" endtime="20221101 14:16:35.468"/>
</kw>
<kw name="Fill the login Form" library="LandingPage">
<arg>${user_name}</arg>
<arg>${valid_password}</arg>
<kw name="Input Text" library="SeleniumLibrary">
<arg>id:username</arg>
<arg>${username}</arg>
<doc>Types the given ``text`` into the text field identified by ``locator``.</doc>
<msg timestamp="20221101 14:16:35.470" level="INFO">Typing text 'rahulshettyacademy' into text field 'id:username'.</msg>
<status status="PASS" starttime="20221101 14:16:35.469" endtime="20221101 14:16:35.699"/>
</kw>
<kw name="Input Password" library="SeleniumLibrary">
<arg>id:password</arg>
<arg>${password}</arg>
<doc>Types the given password into the text field identified by ``locator``.</doc>
<msg timestamp="20221101 14:16:35.702" level="INFO">Typing password into text field 'id:password'.</msg>
<msg timestamp="20221101 14:16:35.789" level="INFO">Temporally setting log level to: NONE</msg>
<msg timestamp="20221101 14:16:35.882" level="INFO">Log level changed from NONE to INFO.</msg>
<status status="PASS" starttime="20221101 14:16:35.700" endtime="20221101 14:16:35.883"/>
</kw>
<kw name="Click Button" library="SeleniumLibrary">
<arg>signInBtn</arg>
<doc>Clicks the button identified by ``locator``.</doc>
<msg timestamp="20221101 14:16:35.884" level="INFO">Clicking button 'signInBtn'.</msg>
<status status="PASS" starttime="20221101 14:16:35.883" endtime="20221101 14:16:35.962"/>
</kw>
<status status="PASS" starttime="20221101 14:16:35.468" endtime="20221101 14:16:35.962"/>
</kw>
<kw name="Wait Until Element Is Located in the page" library="ShopPage">
<kw name="Wait Until Element Is Located on page" library="Generic">
<arg>${Shop_page_load}</arg>
<kw name="Wait Until Element Is Visible" library="SeleniumLibrary">
<arg>${page_locator}</arg>
<arg>10 seconds</arg>
<doc>Waits until the element ``locator`` is visible.</doc>
<status status="PASS" starttime="20221101 14:16:35.964" endtime="20221101 14:16:40.883"/>
</kw>
<status status="PASS" starttime="20221101 14:16:35.963" endtime="20221101 14:16:40.883"/>
</kw>
<status status="PASS" starttime="20221101 14:16:35.963" endtime="20221101 14:16:40.883"/>
</kw>
<kw name="Verify Card Titles in the Shop page" library="ShopPage">
<kw name="Create List" library="BuiltIn">
<var>@{expectedList}</var>
<arg>iphone X</arg>
<arg>Samsung Note 8</arg>
<arg>Nokia Edge</arg>
<arg>Blackberry</arg>
<doc>Returns a list containing given items.</doc>
<msg timestamp="20221101 14:16:40.885" level="INFO">@{expectedList} = [ iphone X | Samsung Note 8 | Nokia Edge | Blackberry ]</msg>
<status status="PASS" starttime="20221101 14:16:40.884" endtime="20221101 14:16:40.885"/>
</kw>
<kw name="Get WebElements" library="SeleniumLibrary">
<var>${elements}</var>
<arg>css:.card-title</arg>
<doc>Returns a list of WebElement objects matching the ``locator``.</doc>
<msg timestamp="20221101 14:16:40.903" level="INFO">${elements} = [&lt;selenium.webdriver.remote.webelement.WebElement (session="bba8854e8ea55b2adf57440615229a92", element="5da0ca7a-2963-412e-ab8d-accb96e40ac5")&gt;, &lt;selenium.webdriver.remote.webelement.WebElement (sessi...</msg>
<status status="PASS" starttime="20221101 14:16:40.886" endtime="20221101 14:16:40.903"/>
</kw>
<kw name="Create List" library="BuiltIn">
<var>@{actualList}</var>
<doc>Returns a list containing given items.</doc>
<msg timestamp="20221101 14:16:40.904" level="INFO">@{actualList} = [ ]</msg>
<status status="PASS" starttime="20221101 14:16:40.904" endtime="20221101 14:16:40.904"/>
</kw>
<for flavor="IN">
<var>${element}</var>
<value>@{elements}</value>
<iter>
<var name="${element}">&lt;selenium.webdriver.remote.webelement.WebElement (session="bba8854e8ea55b2adf57440615229a92", element="5da0ca7a-2963-412e-ab8d-accb96e40ac5")&gt;</var>
<kw name="Log" library="BuiltIn">
<arg>${element.text}</arg>
<doc>Logs the given message with the given level.</doc>
<msg timestamp="20221101 14:16:40.927" level="INFO">iphone X</msg>
<status status="PASS" starttime="20221101 14:16:40.905" endtime="20221101 14:16:40.928"/>
</kw>
<kw name="Append To List" library="Collections">
<arg>${actualList}</arg>
<arg>${element.text}</arg>
<doc>Adds ``values`` to the end of ``list``.</doc>
<status status="PASS" starttime="20221101 14:16:40.928" endtime="20221101 14:16:40.942"/>
</kw>
<status status="PASS" starttime="20221101 14:16:40.905" endtime="20221101 14:16:40.942"/>
</iter>
<iter>
<var name="${element}">&lt;selenium.webdriver.remote.webelement.WebElement (session="bba8854e8ea55b2adf57440615229a92", element="14256f3d-201a-49a3-b33c-3165adaf87e6")&gt;</var>
<kw name="Log" library="BuiltIn">
<arg>${element.text}</arg>
<doc>Logs the given message with the given level.</doc>
<msg timestamp="20221101 14:16:40.963" level="INFO">Samsung Note 8</msg>
<status status="PASS" starttime="20221101 14:16:40.943" endtime="20221101 14:16:40.963"/>
</kw>
<kw name="Append To List" library="Collections">
<arg>${actualList}</arg>
<arg>${element.text}</arg>
<doc>Adds ``values`` to the end of ``list``.</doc>
<status status="PASS" starttime="20221101 14:16:40.964" endtime="20221101 14:16:40.978"/>
</kw>
<status status="PASS" starttime="20221101 14:16:40.942" endtime="20221101 14:16:40.979"/>
</iter>
<iter>
<var name="${element}">&lt;selenium.webdriver.remote.webelement.WebElement (session="bba8854e8ea55b2adf57440615229a92", element="ebec9684-2b41-4466-a735-61d369df6b89")&gt;</var>
<kw name="Log" library="BuiltIn">
<arg>${element.text}</arg>
<doc>Logs the given message with the given level.</doc>
<msg timestamp="20221101 14:16:41.005" level="INFO">Nokia Edge</msg>
<status status="PASS" starttime="20221101 14:16:40.981" endtime="20221101 14:16:41.005"/>
</kw>
<kw name="Append To List" library="Collections">
<arg>${actualList}</arg>
<arg>${element.text}</arg>
<doc>Adds ``values`` to the end of ``list``.</doc>
<status status="PASS" starttime="20221101 14:16:41.005" endtime="20221101 14:16:41.020"/>
</kw>
<status status="PASS" starttime="20221101 14:16:40.980" endtime="20221101 14:16:41.020"/>
</iter>
<iter>
<var name="${element}">&lt;selenium.webdriver.remote.webelement.WebElement (session="bba8854e8ea55b2adf57440615229a92", element="803c732c-bfaf-4b6a-b24c-f607362b6aad")&gt;</var>
<kw name="Log" library="BuiltIn">
<arg>${element.text}</arg>
<doc>Logs the given message with the given level.</doc>
<msg timestamp="20221101 14:16:41.050" level="INFO">Blackberry</msg>
<status status="PASS" starttime="20221101 14:16:41.021" endtime="20221101 14:16:41.050"/>
</kw>
<kw name="Append To List" library="Collections">
<arg>${actualList}</arg>
<arg>${element.text}</arg>
<doc>Adds ``values`` to the end of ``list``.</doc>
<status status="PASS" starttime="20221101 14:16:41.051" endtime="20221101 14:16:41.067"/>
</kw>
<status status="PASS" starttime="20221101 14:16:41.021" endtime="20221101 14:16:41.068"/>
</iter>
<status status="PASS" starttime="20221101 14:16:40.904" endtime="20221101 14:16:41.068"/>
</for>
<kw name="Lists Should Be Equal" library="Collections">
<arg>${expectedList}</arg>
<arg>${actualList}</arg>
<doc>Fails if given lists are unequal.</doc>
<status status="PASS" starttime="20221101 14:16:41.069" endtime="20221101 14:16:41.070"/>
</kw>
<status status="PASS" starttime="20221101 14:16:40.883" endtime="20221101 14:16:41.071"/>
</kw>
<kw name="Add Items To Cart And Checkout" library="Shop">
<arg>${listofproducts}</arg>
<msg timestamp="20221101 14:16:41.119" level="INFO">Clicking button 'xpath:(//*[@class='card-footer'])[3]/button'.</msg>
<msg timestamp="20221101 14:16:41.454" level="INFO">Clicking link 'css:li.active a'.</msg>
<status status="PASS" starttime="20221101 14:16:41.071" endtime="20221101 14:16:41.610"/>
</kw>
<kw name="Close Browser Session" library="Generic" type="TEARDOWN">
<kw name="Close Browser" library="SeleniumLibrary">
<doc>Closes the current browser.</doc>
<status status="PASS" starttime="20221101 14:16:41.610" endtime="20221101 14:16:44.522"/>
</kw>
<status status="PASS" starttime="20221101 14:16:41.610" endtime="20221101 14:16:44.522"/>
</kw>
<status status="PASS" starttime="20221101 14:16:24.930" endtime="20221101 14:16:44.522"/>
</test>
<test id="s1-s1-t3" name="Select the Form and navigate to Child window" line="34">
<kw name="open the browser with the Mortgage payment url" library="Generic" type="SETUP">
<kw name="Create Webdriver" library="SeleniumLibrary">
<arg>Chrome</arg>
<arg>executable_path=${chromedriver_path}</arg>
<doc>Creates an instance of Selenium WebDriver.</doc>
<msg timestamp="20221101 14:16:44.522" level="INFO">Creating an instance of the Chrome WebDriver.</msg>
<status status="PASS" starttime="20221101 14:16:44.522" endtime="20221101 14:16:47.173"/>
</kw>
<kw name="Go To" library="SeleniumLibrary">
<arg>${url}</arg>
<doc>Navigates the current browser window to the provided ``url``.</doc>
<msg timestamp="20221101 14:16:47.175" level="INFO">Opening url 'https://rahulshettyacademy.com/loginpagePractise/'</msg>
<status status="PASS" starttime="20221101 14:16:47.174" endtime="20221101 14:16:51.119"/>
</kw>
<status status="PASS" starttime="20221101 14:16:44.522" endtime="20221101 14:16:51.119"/>
</kw>
<kw name="Fill the Login Details and Login Form" library="LandingPage">
<arg>${user_name}</arg>
<arg>${valid_password}</arg>
<arg>user</arg>
<arg>teach</arg>
<kw name="Input Text" library="SeleniumLibrary">
<arg>id:username</arg>
<arg>${username}</arg>
<doc>Types the given ``text`` into the text field identified by ``locator``.</doc>
<msg timestamp="20221101 14:16:51.123" level="INFO">Typing text 'rahulshettyacademy' into text field 'id:username'.</msg>
<status status="PASS" starttime="20221101 14:16:51.122" endtime="20221101 14:16:51.614"/>
</kw>
<kw name="Input Password" library="SeleniumLibrary">
<arg>id:password</arg>
<arg>${password}</arg>
<doc>Types the given password into the text field identified by ``locator``.</doc>
<msg timestamp="20221101 14:16:51.618" level="INFO">Typing password into text field 'id:password'.</msg>
<msg timestamp="20221101 14:16:51.706" level="INFO">Temporally setting log level to: NONE</msg>
<msg timestamp="20221101 14:16:51.821" level="INFO">Log level changed from NONE to INFO.</msg>
<status status="PASS" starttime="20221101 14:16:51.614" endtime="20221101 14:16:51.821"/>
</kw>
<kw name="Click Element" library="SeleniumLibrary">
<arg>xpath://input[@value='${useroption}']</arg>
<doc>Click the element identified by ``locator``.</doc>
<msg timestamp="20221101 14:16:51.823" level="INFO">Clicking element 'xpath://input[@value='user']'.</msg>
<status status="PASS" starttime="20221101 14:16:51.822" endtime="20221101 14:16:51.939"/>
</kw>
<kw name="Wait Until Element Is Visible" library="SeleniumLibrary">
<arg>okayBtn</arg>
<doc>Waits until the element ``locator`` is visible.</doc>
<status status="PASS" starttime="20221101 14:16:51.939" endtime="20221101 14:16:51.977"/>
</kw>
<kw name="Click Element" library="SeleniumLibrary">
<arg>okayBtn</arg>
<doc>Click the element identified by ``locator``.</doc>
<msg timestamp="20221101 14:16:51.978" level="INFO">Clicking element 'okayBtn'.</msg>
<status status="PASS" starttime="20221101 14:16:51.977" endtime="20221101 14:16:52.030"/>
</kw>
<kw name="Wait Until Element Is Not Visible" library="SeleniumLibrary">
<arg>okayBtn</arg>
<doc>Waits until the element ``locator`` is not visible.</doc>
<status status="PASS" starttime="20221101 14:16:52.030" endtime="20221101 14:16:52.062"/>
</kw>
<kw name="Select From List By Value" library="SeleniumLibrary">
<arg>css:select.form-control</arg>
<arg>${dropdownoption}</arg>
<doc>Selects options from selection list ``locator`` by ``values``.</doc>
<msg timestamp="20221101 14:16:52.064" level="INFO">Selecting options from selection list 'css:select.form-control' by value teach.</msg>
<status status="PASS" starttime="20221101 14:16:52.062" endtime="20221101 14:16:52.181"/>
</kw>
<kw name="Select Checkbox" library="SeleniumLibrary">
<arg>terms</arg>
<doc>Selects the checkbox identified by ``locator``.</doc>
<msg timestamp="20221101 14:16:52.185" level="INFO">Selecting checkbox 'terms'.</msg>
<status status="PASS" starttime="20221101 14:16:52.181" endtime="20221101 14:16:52.276"/>
</kw>
<kw name="Checkbox Should Be Selected" library="SeleniumLibrary">
<arg>terms</arg>
<doc>Verifies checkbox ``locator`` is selected/checked.</doc>
<msg timestamp="20221101 14:16:52.277" level="INFO">Verifying checkbox 'terms' is selected.</msg>
<status status="PASS" starttime="20221101 14:16:52.276" endtime="20221101 14:16:52.306"/>
</kw>
<status status="PASS" starttime="20221101 14:16:51.120" endtime="20221101 14:16:52.306"/>
</kw>
<kw name="Close Browser Session" library="Generic" type="TEARDOWN">
<kw name="Close Browser" library="SeleniumLibrary">
<doc>Closes the current browser.</doc>
<status status="PASS" starttime="20221101 14:16:52.307" endtime="20221101 14:16:54.580"/>
</kw>
<status status="PASS" starttime="20221101 14:16:52.306" endtime="20221101 14:16:54.580"/>
</kw>
<status status="PASS" starttime="20221101 14:16:44.522" endtime="20221101 14:16:54.580"/>
</test>
<doc>To validate the Login form</doc>
<status status="PASS" starttime="20221101 14:16:06.318" endtime="20221101 14:16:54.580"/>
</suite>
<status status="PASS" starttime="20221101 14:16:06.227" endtime="20221101 14:16:54.580"/>
</suite>
<statistics>
<total>
<stat pass="3" fail="0" skip="0">All Tests</stat>
</total>
<tag>
</tag>
<suite>
<stat pass="3" fail="0" skip="0" id="s1" name="Tests">Tests</stat>
<stat pass="3" fail="0" skip="0" id="s1-s1" name="testDemo6cont">Tests.testDemo6cont</stat>
</suite>
</statistics>
<errors>
</errors>
</robot>
