<?xml version="1.0" encoding="UTF-8"?>
<robot generator="Robot 6.0 (Python 3.10.8 on win32)" generated="20221109 14:54:00.422" rpa="false" schemaversion="3">
<suite id="s1" name="testDemo7" source="C:\Users\Admin\PycharmProjects\RobotFramework\testsAPI\testDemo7.robot">
<test id="s1-t1" name="Add Book into Library DataBase" line="19">
<kw name="Create Dictionary" library="BuiltIn">
<var>&amp;{req_body}</var>
<arg>name=${book_name}</arg>
<arg>isbn=132435</arg>
<arg>aisle=53421</arg>
<arg>author="John foe"</arg>
<doc>Creates and returns a dictionary based on the given ``items``.</doc>
<msg timestamp="20221109 14:54:06.706" level="INFO">&amp;{req_body} = { name=RobotFramework | isbn=132435 | aisle=53421 | author="John foe" }</msg>
<status status="PASS" starttime="20221109 14:54:06.706" endtime="20221109 14:54:06.706"/>
</kw>
<kw name="POST" library="RequestsLibrary">
<var>${response}</var>
<arg>${base_url}/Library/Addbook.php</arg>
<arg>json=${req_body}</arg>
<arg>expected_status=200</arg>
<doc>Sends a POST request.</doc>
<msg timestamp="20221109 14:54:07.549" level="INFO">POST Request : url=http://216.10.245.166/Library/Addbook.php 
 path_url=/Library/Addbook.php 
 headers={'User-Agent': 'python-requests/2.28.1', 'Accept-Encoding': 'gzip, deflate', 'Accept': '*/*', 'Connection': 'keep-alive', 'Content-Length': '88', 'Content-Type': 'application/json'} 
 body=b'{"name": "RobotFramework", "isbn": "132435", "aisle": "53421", "author": "\\"John foe\\""}' 
 </msg>
<msg timestamp="20221109 14:54:07.549" level="INFO">POST Response : url=http://216.10.245.166/Library/Addbook.php 
 status=200, reason=OK 
 headers={'Date': 'Wed, 09 Nov 2022 07:54:07 GMT', 'Server': 'Apache', 'Access-Control-Allow-Origin': '*', 'Access-Control-Allow-Methods': 'POST', 'Access-Control-Max-Age': '3600', 'Access-Control-Allow-Headers': 'Content-Type, Access-Control-Allow-Headers, Authorization, X-Requested-With', 'Keep-Alive': 'timeout=5, max=100', 'Connection': 'Keep-Alive', 'Transfer-Encoding': 'chunked', 'Content-Type': 'application/json;charset=UTF-8'} 
 body={"Msg":"successfully added","ID":"13243553421"} 
 </msg>
<msg timestamp="20221109 14:54:07.549" level="INFO">${response} = &lt;Response [200]&gt;</msg>
<status status="PASS" starttime="20221109 14:54:06.721" endtime="20221109 14:54:07.549"/>
</kw>
<kw name="Log" library="BuiltIn">
<arg>${response.json()}</arg>
<doc>Logs the given message with the given level.</doc>
<msg timestamp="20221109 14:54:07.596" level="INFO">{'Msg': 'successfully added', 'ID': '13243553421'}</msg>
<status status="PASS" starttime="20221109 14:54:07.549" endtime="20221109 14:54:07.596"/>
</kw>
<kw name="Dictionary Should Contain Key" library="Collections">
<arg>${response.json()}</arg>
<arg>ID</arg>
<doc>Fails if ``key`` is not found from ``dictionary``.</doc>
<status status="PASS" starttime="20221109 14:54:07.596" endtime="20221109 14:54:07.596"/>
</kw>
<kw name="Get From Dictionary" library="Collections">
<var>${book_id}</var>
<arg>${response.json()}</arg>
<arg>ID</arg>
<doc>Returns a value from the given ``dictionary`` based on the given ``key``.</doc>
<msg timestamp="20221109 14:54:07.596" level="INFO">${book_id} = 13243553421</msg>
<status status="PASS" starttime="20221109 14:54:07.596" endtime="20221109 14:54:07.596"/>
</kw>
<kw name="Set Global Variable" library="BuiltIn">
<arg>${book_id}</arg>
<doc>Makes a variable available globally in all tests and suites.</doc>
<msg timestamp="20221109 14:54:07.596" level="INFO">${book_id} = 13243553421</msg>
<status status="PASS" starttime="20221109 14:54:07.596" endtime="20221109 14:54:07.596"/>
</kw>
<kw name="Log" library="BuiltIn">
<arg>${book_id}</arg>
<doc>Logs the given message with the given level.</doc>
<msg timestamp="20221109 14:54:07.612" level="INFO">13243553421</msg>
<status status="PASS" starttime="20221109 14:54:07.612" endtime="20221109 14:54:07.612"/>
</kw>
<kw name="Should Be Equal As Strings" library="BuiltIn">
<arg>successfully added</arg>
<arg>${response.json()}[Msg]</arg>
<doc>Fails if objects are unequal after converting them to strings.</doc>
<status status="PASS" starttime="20221109 14:54:07.612" endtime="20221109 14:54:07.612"/>
</kw>
<kw name="Status Should Be" library="RequestsLibrary">
<arg>200</arg>
<arg>${response}</arg>
<doc>Fails if response status code is different than the expected.</doc>
<status status="PASS" starttime="20221109 14:54:07.612" endtime="20221109 14:54:07.612"/>
</kw>
<status status="PASS" starttime="20221109 14:54:06.706" endtime="20221109 14:54:07.612"/>
</test>
<test id="s1-t2" name="Get the Book Details which got added" line="33">
<kw name="GET" library="RequestsLibrary">
<var>${get_response}</var>
<arg>${base_url}/Library/GetBook.php</arg>
<arg>params=ID=${book_id}</arg>
<arg>expected_status=200</arg>
<doc>Sends a GET request.</doc>
<msg timestamp="20221109 14:54:08.063" level="INFO">GET Request : url=http://216.10.245.166/Library/GetBook.php?ID=13243553421 
 path_url=/Library/GetBook.php?ID=13243553421 
 headers={'User-Agent': 'python-requests/2.28.1', 'Accept-Encoding': 'gzip, deflate', 'Accept': '*/*', 'Connection': 'keep-alive'} 
 body=None 
 </msg>
<msg timestamp="20221109 14:54:08.063" level="INFO">GET Response : url=http://216.10.245.166/Library/GetBook.php?ID=13243553421 
 status=200, reason=OK 
 headers={'Date': 'Wed, 09 Nov 2022 07:54:07 GMT', 'Server': 'Apache', 'Access-Control-Allow-Origin': '*', 'Access-Control-Allow-Methods': 'POST', 'Access-Control-Max-Age': '3600', 'Access-Control-Allow-Headers': 'Content-Type, Access-Control-Allow-Headers, Authorization, X-Requested-With', 'Keep-Alive': 'timeout=5, max=100', 'Connection': 'Keep-Alive', 'Transfer-Encoding': 'chunked', 'Content-Type': 'application/json;charset=UTF-8'} 
 body=[{"book_name":"RobotFramework","isbn":"132435","aisle":"53421","author":"\"John foe\""}] 
 </msg>
<msg timestamp="20221109 14:54:08.063" level="INFO">${get_response} = &lt;Response [200]&gt;</msg>
<status status="PASS" starttime="20221109 14:54:07.627" endtime="20221109 14:54:08.063"/>
</kw>
<kw name="Log" library="BuiltIn">
<arg>${get_response.json()}</arg>
<doc>Logs the given message with the given level.</doc>
<msg timestamp="20221109 14:54:08.063" level="INFO">[{'book_name': 'RobotFramework', 'isbn': '132435', 'aisle': '53421', 'author': '"John foe"'}]</msg>
<status status="PASS" starttime="20221109 14:54:08.063" endtime="20221109 14:54:08.063"/>
</kw>
<kw name="Should Be Equal As Strings" library="BuiltIn">
<arg>${book_name}</arg>
<arg>${get_response.json()}[0][book_name]</arg>
<doc>Fails if objects are unequal after converting them to strings.</doc>
<status status="PASS" starttime="20221109 14:54:08.063" endtime="20221109 14:54:08.063"/>
</kw>
<status status="PASS" starttime="20221109 14:54:07.627" endtime="20221109 14:54:08.078"/>
</test>
<test id="s1-t3" name="Delete the Book from databaser" line="38">
<kw name="Create Dictionary" library="BuiltIn">
<var>&amp;{delete_req}</var>
<arg>ID=${book_id}</arg>
<doc>Creates and returns a dictionary based on the given ``items``.</doc>
<msg timestamp="20221109 14:54:08.078" level="INFO">&amp;{delete_req} = { ID=13243553421 }</msg>
<status status="PASS" starttime="20221109 14:54:08.078" endtime="20221109 14:54:08.078"/>
</kw>
<kw name="POST" library="RequestsLibrary">
<var>${delete_response}</var>
<arg>${base_url}/Library/DeleteBook.php</arg>
<arg>json=${delete_req}</arg>
<arg>expected_status=200</arg>
<doc>Sends a POST request.</doc>
<msg timestamp="20221109 14:54:08.516" level="INFO">POST Request : url=http://216.10.245.166/Library/DeleteBook.php 
 path_url=/Library/DeleteBook.php 
 headers={'User-Agent': 'python-requests/2.28.1', 'Accept-Encoding': 'gzip, deflate', 'Accept': '*/*', 'Connection': 'keep-alive', 'Content-Length': '21', 'Content-Type': 'application/json'} 
 body=b'{"ID": "13243553421"}' 
 </msg>
<msg timestamp="20221109 14:54:08.516" level="INFO">POST Response : url=http://216.10.245.166/Library/DeleteBook.php 
 status=200, reason=OK 
 headers={'Date': 'Wed, 09 Nov 2022 07:54:08 GMT', 'Server': 'Apache', 'Access-Control-Allow-Origin': '*', 'Access-Control-Allow-Methods': 'POST', 'Access-Control-Max-Age': '3600', 'Access-Control-Allow-Headers': 'Content-Type, Access-Control-Allow-Headers, Authorization, X-Requested-With', 'Keep-Alive': 'timeout=5, max=100', 'Connection': 'Keep-Alive', 'Transfer-Encoding': 'chunked', 'Content-Type': 'application/json;charset=UTF-8'} 
 body={"msg":"book is successfully deleted"} 
 </msg>
<msg timestamp="20221109 14:54:08.516" level="INFO">${delete_response} = &lt;Response [200]&gt;</msg>
<status status="PASS" starttime="20221109 14:54:08.078" endtime="20221109 14:54:08.516"/>
</kw>
<kw name="Log" library="BuiltIn">
<arg>${delete_response.json()}</arg>
<doc>Logs the given message with the given level.</doc>
<msg timestamp="20221109 14:54:08.531" level="INFO">{'msg': 'book is successfully deleted'}</msg>
<status status="PASS" starttime="20221109 14:54:08.531" endtime="20221109 14:54:08.531"/>
</kw>
<kw name="Should Be Equal As Strings" library="BuiltIn">
<arg>book is successfully deleted</arg>
<arg>${delete_response.json()}[msg]</arg>
<doc>Fails if objects are unequal after converting them to strings.</doc>
<status status="PASS" starttime="20221109 14:54:08.531" endtime="20221109 14:54:08.531"/>
</kw>
<status status="PASS" starttime="20221109 14:54:08.078" endtime="20221109 14:54:08.531"/>
</test>
<status status="PASS" starttime="20221109 14:54:00.735" endtime="20221109 14:54:08.547"/>
</suite>
<statistics>
<total>
<stat pass="3" fail="0" skip="0">All Tests</stat>
</total>
<tag>
</tag>
<suite>
<stat pass="3" fail="0" skip="0" id="s1" name="testDemo7">testDemo7</stat>
</suite>
</statistics>
<errors>
</errors>
</robot>
