<?xml version="1.0" encoding="UTF-8"?>
<robot generator="Robot 6.0 (Python 3.10.8 on win32)" generated="20221101 14:14:23.200" rpa="false" schemaversion="3">
<suite id="s1" name="Tests" source="C:\Users\Admin\PycharmProjects\RobotFramework\tests">
<suite id="s1-s1" name="testDemo5" source="C:\Users\Admin\PycharmProjects\RobotFramework\tests\testDemo5.robot">
<test id="s1-s1-t1" name="Invalid username" line="20">
<kw name="open the browser with the Mortgage payment url" library="Generic" type="SETUP">
<kw name="Create Webdriver" library="SeleniumLibrary">
<arg>Chrome</arg>
<arg>executable_path=${chromedriver_path}</arg>
<doc>Creates an instance of Selenium WebDriver.</doc>
<msg timestamp="20221101 14:14:31.716" level="INFO">Creating an instance of the Chrome WebDriver.</msg>
<status status="PASS" starttime="20221101 14:14:31.716" endtime="20221101 14:15:14.101"/>
</kw>
<kw name="Go To" library="SeleniumLibrary">
<arg>${url}</arg>
<doc>Navigates the current browser window to the provided ``url``.</doc>
<msg timestamp="20221101 14:15:14.104" level="INFO">Opening url 'https://rahulshettyacademy.com/loginpagePractise/'</msg>
<status status="PASS" starttime="20221101 14:15:14.102" endtime="20221101 14:15:22.912"/>
</kw>
<status status="PASS" starttime="20221101 14:14:31.701" endtime="20221101 14:15:22.913"/>
</kw>
<kw name="Validate UnSuccesrsful Login">
<arg>dshed</arg>
<arg>learning</arg>
<kw name="Fill the login Form">
<arg>${username}</arg>
<arg>${password}</arg>
<kw name="Input Text" library="SeleniumLibrary">
<arg>id:username</arg>
<arg>${username}</arg>
<doc>Types the given ``text`` into the text field identified by ``locator``.</doc>
<msg timestamp="20221101 14:15:22.920" level="INFO">Typing text 'dshed' into text field 'id:username'.</msg>
<status status="PASS" starttime="20221101 14:15:22.917" endtime="20221101 14:15:23.383"/>
</kw>
<kw name="Input Password" library="SeleniumLibrary">
<arg>id:password</arg>
<arg>${invalid_password}</arg>
<doc>Types the given password into the text field identified by ``locator``.</doc>
<msg timestamp="20221101 14:15:23.384" level="INFO">Typing password into text field 'id:password'.</msg>
<msg timestamp="20221101 14:15:23.661" level="INFO">Temporally setting log level to: NONE</msg>
<msg timestamp="20221101 14:15:23.813" level="INFO">Log level changed from NONE to INFO.</msg>
<status status="PASS" starttime="20221101 14:15:23.383" endtime="20221101 14:15:23.814"/>
</kw>
<kw name="Click Button" library="SeleniumLibrary">
<arg>signInBtn</arg>
<doc>Clicks the button identified by ``locator``.</doc>
<msg timestamp="20221101 14:15:23.815" level="INFO">Clicking button 'signInBtn'.</msg>
<status status="PASS" starttime="20221101 14:15:23.814" endtime="20221101 14:15:23.960"/>
</kw>
<status status="PASS" starttime="20221101 14:15:22.915" endtime="20221101 14:15:23.960"/>
</kw>
<kw name="wait until it checks and displays error message">
<kw name="Wait Until Element Is Visible" library="SeleniumLibrary">
<arg>${Error_Message_Login}</arg>
<doc>Waits until the element ``locator`` is visible.</doc>
<status status="PASS" starttime="20221101 14:15:23.962" endtime="20221101 14:15:26.151"/>
</kw>
<status status="PASS" starttime="20221101 14:15:23.961" endtime="20221101 14:15:26.152"/>
</kw>
<kw name="verify error message is correct">
<kw name="Get Text" library="SeleniumLibrary">
<var>${result}</var>
<arg>${Error_Message_Login}</arg>
<doc>Returns the text value of the element identified by ``locator``.</doc>
<msg timestamp="20221101 14:15:26.903" level="INFO">${result} = Incorrect username/password.</msg>
<status status="PASS" starttime="20221101 14:15:26.153" endtime="20221101 14:15:26.903"/>
</kw>
<kw name="Should Be Equal As Strings" library="BuiltIn">
<arg>${result}</arg>
<arg>Incorrect username/password.</arg>
<doc>Fails if objects are unequal after converting them to strings.</doc>
<status status="PASS" starttime="20221101 14:15:26.904" endtime="20221101 14:15:26.905"/>
</kw>
<kw name="Element Text Should Be" library="SeleniumLibrary">
<arg>${Error_Message_Login}</arg>
<arg>Incorrect username/password.</arg>
<doc>Verifies that element ``locator`` contains exact the text ``expected``.</doc>
<msg timestamp="20221101 14:15:26.914" level="INFO">Verifying element 'css:.alert-danger' contains exact text 'Incorrect username/password.'.</msg>
<status status="PASS" starttime="20221101 14:15:26.905" endtime="20221101 14:15:26.954"/>
</kw>
<status status="PASS" starttime="20221101 14:15:26.152" endtime="20221101 14:15:26.954"/>
</kw>
<status status="PASS" starttime="20221101 14:15:22.913" endtime="20221101 14:15:26.955"/>
</kw>
<kw name="Close Browser Session" library="Generic" type="TEARDOWN">
<kw name="Close Browser" library="SeleniumLibrary">
<doc>Closes the current browser.</doc>
<status status="PASS" starttime="20221101 14:15:26.959" endtime="20221101 14:15:38.871"/>
</kw>
<status status="PASS" starttime="20221101 14:15:26.955" endtime="20221101 14:15:38.871"/>
</kw>
<status status="PASS" starttime="20221101 14:14:31.701" endtime="20221101 14:15:38.871"/>
</test>
<test id="s1-s1-t2" name="Invalid password" line="20">
<kw name="open the browser with the Mortgage payment url" library="Generic" type="SETUP">
<kw name="Create Webdriver" library="SeleniumLibrary">
<arg>Chrome</arg>
<arg>executable_path=${chromedriver_path}</arg>
<doc>Creates an instance of Selenium WebDriver.</doc>
<msg timestamp="20221101 14:15:38.871" level="INFO">Creating an instance of the Chrome WebDriver.</msg>
<status status="PASS" starttime="20221101 14:15:38.871" endtime="20221101 14:15:50.490"/>
</kw>
<kw name="Go To" library="SeleniumLibrary">
<arg>${url}</arg>
<doc>Navigates the current browser window to the provided ``url``.</doc>
<msg timestamp="20221101 14:15:50.490" level="INFO">Opening url 'https://rahulshettyacademy.com/loginpagePractise/'</msg>
<status status="PASS" starttime="20221101 14:15:50.490" endtime="20221101 14:15:59.487"/>
</kw>
<status status="PASS" starttime="20221101 14:15:38.871" endtime="20221101 14:15:59.488"/>
</kw>
<kw name="Validate UnSuccesrsful Login">
<arg>rahulshettyacademy</arg>
<arg>ploughkf</arg>
<kw name="Fill the login Form">
<arg>${username}</arg>
<arg>${password}</arg>
<kw name="Input Text" library="SeleniumLibrary">
<arg>id:username</arg>
<arg>${username}</arg>
<doc>Types the given ``text`` into the text field identified by ``locator``.</doc>
<msg timestamp="20221101 14:15:59.491" level="INFO">Typing text 'rahulshettyacademy' into text field 'id:username'.</msg>
<status status="PASS" starttime="20221101 14:15:59.490" endtime="20221101 14:15:59.672"/>
</kw>
<kw name="Input Password" library="SeleniumLibrary">
<arg>id:password</arg>
<arg>${invalid_password}</arg>
<doc>Types the given password into the text field identified by ``locator``.</doc>
<msg timestamp="20221101 14:15:59.673" level="INFO">Typing password into text field 'id:password'.</msg>
<msg timestamp="20221101 14:15:59.729" level="INFO">Temporally setting log level to: NONE</msg>
<msg timestamp="20221101 14:15:59.798" level="INFO">Log level changed from NONE to INFO.</msg>
<status status="PASS" starttime="20221101 14:15:59.672" endtime="20221101 14:15:59.798"/>
</kw>
<kw name="Click Button" library="SeleniumLibrary">
<arg>signInBtn</arg>
<doc>Clicks the button identified by ``locator``.</doc>
<msg timestamp="20221101 14:15:59.802" level="INFO">Clicking button 'signInBtn'.</msg>
<status status="PASS" starttime="20221101 14:15:59.801" endtime="20221101 14:15:59.897"/>
</kw>
<status status="PASS" starttime="20221101 14:15:59.489" endtime="20221101 14:15:59.897"/>
</kw>
<kw name="wait until it checks and displays error message">
<kw name="Wait Until Element Is Visible" library="SeleniumLibrary">
<arg>${Error_Message_Login}</arg>
<doc>Waits until the element ``locator`` is visible.</doc>
<status status="PASS" starttime="20221101 14:15:59.898" endtime="20221101 14:16:01.994"/>
</kw>
<status status="PASS" starttime="20221101 14:15:59.897" endtime="20221101 14:16:01.995"/>
</kw>
<kw name="verify error message is correct">
<kw name="Get Text" library="SeleniumLibrary">
<var>${result}</var>
<arg>${Error_Message_Login}</arg>
<doc>Returns the text value of the element identified by ``locator``.</doc>
<msg timestamp="20221101 14:16:02.031" level="INFO">${result} = Incorrect username/password.</msg>
<status status="PASS" starttime="20221101 14:16:01.995" endtime="20221101 14:16:02.031"/>
</kw>
<kw name="Should Be Equal As Strings" library="BuiltIn">
<arg>${result}</arg>
<arg>Incorrect username/password.</arg>
<doc>Fails if objects are unequal after converting them to strings.</doc>
<status status="PASS" starttime="20221101 14:16:02.032" endtime="20221101 14:16:02.032"/>
</kw>
<kw name="Element Text Should Be" library="SeleniumLibrary">
<arg>${Error_Message_Login}</arg>
<arg>Incorrect username/password.</arg>
<doc>Verifies that element ``locator`` contains exact the text ``expected``.</doc>
<msg timestamp="20221101 14:16:02.034" level="INFO">Verifying element 'css:.alert-danger' contains exact text 'Incorrect username/password.'.</msg>
<status status="PASS" starttime="20221101 14:16:02.033" endtime="20221101 14:16:02.059"/>
</kw>
<status status="PASS" starttime="20221101 14:16:01.995" endtime="20221101 14:16:02.059"/>
</kw>
<status status="PASS" starttime="20221101 14:15:59.488" endtime="20221101 14:16:02.059"/>
</kw>
<kw name="Close Browser Session" library="Generic" type="TEARDOWN">
<kw name="Close Browser" library="SeleniumLibrary">
<doc>Closes the current browser.</doc>
<status status="PASS" starttime="20221101 14:16:02.060" endtime="20221101 14:16:04.786"/>
</kw>
<status status="PASS" starttime="20221101 14:16:02.060" endtime="20221101 14:16:04.786"/>
</kw>
<status status="PASS" starttime="20221101 14:15:38.871" endtime="20221101 14:16:04.786"/>
</test>
<test id="s1-s1-t3" name="Special characters" line="20">
<kw name="open the browser with the Mortgage payment url" library="Generic" type="SETUP">
<kw name="Create Webdriver" library="SeleniumLibrary">
<arg>Chrome</arg>
<arg>executable_path=${chromedriver_path}</arg>
<doc>Creates an instance of Selenium WebDriver.</doc>
<msg timestamp="20221101 14:16:04.786" level="INFO">Creating an instance of the Chrome WebDriver.</msg>
<status status="PASS" starttime="20221101 14:16:04.786" endtime="20221101 14:16:08.215"/>
</kw>
<kw name="Go To" library="SeleniumLibrary">
<arg>${url}</arg>
<doc>Navigates the current browser window to the provided ``url``.</doc>
<msg timestamp="20221101 14:16:08.217" level="INFO">Opening url 'https://rahulshettyacademy.com/loginpagePractise/'</msg>
<status status="PASS" starttime="20221101 14:16:08.216" endtime="20221101 14:16:16.130"/>
</kw>
<status status="PASS" starttime="20221101 14:16:04.786" endtime="20221101 14:16:16.130"/>
</kw>
<kw name="Validate UnSuccesrsful Login">
<arg>@(*#</arg>
<arg>learning</arg>
<kw name="Fill the login Form">
<arg>${username}</arg>
<arg>${password}</arg>
<kw name="Input Text" library="SeleniumLibrary">
<arg>id:username</arg>
<arg>${username}</arg>
<doc>Types the given ``text`` into the text field identified by ``locator``.</doc>
<msg timestamp="20221101 14:16:16.136" level="INFO">Typing text '@(*#' into text field 'id:username'.</msg>
<status status="PASS" starttime="20221101 14:16:16.135" endtime="20221101 14:16:16.347"/>
</kw>
<kw name="Input Password" library="SeleniumLibrary">
<arg>id:password</arg>
<arg>${invalid_password}</arg>
<doc>Types the given password into the text field identified by ``locator``.</doc>
<msg timestamp="20221101 14:16:16.350" level="INFO">Typing password into text field 'id:password'.</msg>
<msg timestamp="20221101 14:16:16.441" level="INFO">Temporally setting log level to: NONE</msg>
<msg timestamp="20221101 14:16:16.525" level="INFO">Log level changed from NONE to INFO.</msg>
<status status="PASS" starttime="20221101 14:16:16.348" endtime="20221101 14:16:16.525"/>
</kw>
<kw name="Click Button" library="SeleniumLibrary">
<arg>signInBtn</arg>
<doc>Clicks the button identified by ``locator``.</doc>
<msg timestamp="20221101 14:16:16.527" level="INFO">Clicking button 'signInBtn'.</msg>
<status status="PASS" starttime="20221101 14:16:16.526" endtime="20221101 14:16:16.615"/>
</kw>
<status status="PASS" starttime="20221101 14:16:16.133" endtime="20221101 14:16:16.615"/>
</kw>
<kw name="wait until it checks and displays error message">
<kw name="Wait Until Element Is Visible" library="SeleniumLibrary">
<arg>${Error_Message_Login}</arg>
<doc>Waits until the element ``locator`` is visible.</doc>
<status status="PASS" starttime="20221101 14:16:16.616" endtime="20221101 14:16:18.662"/>
</kw>
<status status="PASS" starttime="20221101 14:16:16.615" endtime="20221101 14:16:18.662"/>
</kw>
<kw name="verify error message is correct">
<kw name="Get Text" library="SeleniumLibrary">
<var>${result}</var>
<arg>${Error_Message_Login}</arg>
<doc>Returns the text value of the element identified by ``locator``.</doc>
<msg timestamp="20221101 14:16:18.698" level="INFO">${result} = Incorrect username/password.</msg>
<status status="PASS" starttime="20221101 14:16:18.663" endtime="20221101 14:16:18.698"/>
</kw>
<kw name="Should Be Equal As Strings" library="BuiltIn">
<arg>${result}</arg>
<arg>Incorrect username/password.</arg>
<doc>Fails if objects are unequal after converting them to strings.</doc>
<status status="PASS" starttime="20221101 14:16:18.699" endtime="20221101 14:16:18.699"/>
</kw>
<kw name="Element Text Should Be" library="SeleniumLibrary">
<arg>${Error_Message_Login}</arg>
<arg>Incorrect username/password.</arg>
<doc>Verifies that element ``locator`` contains exact the text ``expected``.</doc>
<msg timestamp="20221101 14:16:18.700" level="INFO">Verifying element 'css:.alert-danger' contains exact text 'Incorrect username/password.'.</msg>
<status status="PASS" starttime="20221101 14:16:18.699" endtime="20221101 14:16:18.725"/>
</kw>
<status status="PASS" starttime="20221101 14:16:18.663" endtime="20221101 14:16:18.725"/>
</kw>
<status status="PASS" starttime="20221101 14:16:16.131" endtime="20221101 14:16:18.726"/>
</kw>
<kw name="Close Browser Session" library="Generic" type="TEARDOWN">
<kw name="Close Browser" library="SeleniumLibrary">
<doc>Closes the current browser.</doc>
<status status="PASS" starttime="20221101 14:16:18.727" endtime="20221101 14:16:24.711"/>
</kw>
<status status="PASS" starttime="20221101 14:16:18.726" endtime="20221101 14:16:24.711"/>
</kw>
<status status="PASS" starttime="20221101 14:16:04.786" endtime="20221101 14:16:24.711"/>
</test>
<test id="s1-s1-t4" name="Login with user 1234 and password 4242" line="20">
<kw name="open the browser with the Mortgage payment url" library="Generic" type="SETUP">
<kw name="Create Webdriver" library="SeleniumLibrary">
<arg>Chrome</arg>
<arg>executable_path=${chromedriver_path}</arg>
<doc>Creates an instance of Selenium WebDriver.</doc>
<msg timestamp="20221101 14:16:24.711" level="INFO">Creating an instance of the Chrome WebDriver.</msg>
<status status="PASS" starttime="20221101 14:16:24.711" endtime="20221101 14:16:27.607"/>
</kw>
<kw name="Go To" library="SeleniumLibrary">
<arg>${url}</arg>
<doc>Navigates the current browser window to the provided ``url``.</doc>
<msg timestamp="20221101 14:16:27.609" level="INFO">Opening url 'https://rahulshettyacademy.com/loginpagePractise/'</msg>
<status status="PASS" starttime="20221101 14:16:27.608" endtime="20221101 14:16:34.352"/>
</kw>
<status status="PASS" starttime="20221101 14:16:24.711" endtime="20221101 14:16:34.353"/>
</kw>
<kw name="Validate UnSuccesrsful Login">
<arg>1234</arg>
<arg>4242</arg>
<kw name="Fill the login Form">
<arg>${username}</arg>
<arg>${password}</arg>
<kw name="Input Text" library="SeleniumLibrary">
<arg>id:username</arg>
<arg>${username}</arg>
<doc>Types the given ``text`` into the text field identified by ``locator``.</doc>
<msg timestamp="20221101 14:16:34.358" level="INFO">Typing text '1234' into text field 'id:username'.</msg>
<status status="PASS" starttime="20221101 14:16:34.356" endtime="20221101 14:16:34.555"/>
</kw>
<kw name="Input Password" library="SeleniumLibrary">
<arg>id:password</arg>
<arg>${invalid_password}</arg>
<doc>Types the given password into the text field identified by ``locator``.</doc>
<msg timestamp="20221101 14:16:34.557" level="INFO">Typing password into text field 'id:password'.</msg>
<msg timestamp="20221101 14:16:34.640" level="INFO">Temporally setting log level to: NONE</msg>
<msg timestamp="20221101 14:16:34.751" level="INFO">Log level changed from NONE to INFO.</msg>
<status status="PASS" starttime="20221101 14:16:34.556" endtime="20221101 14:16:34.752"/>
</kw>
<kw name="Click Button" library="SeleniumLibrary">
<arg>signInBtn</arg>
<doc>Clicks the button identified by ``locator``.</doc>
<msg timestamp="20221101 14:16:34.754" level="INFO">Clicking button 'signInBtn'.</msg>
<status status="PASS" starttime="20221101 14:16:34.752" endtime="20221101 14:16:34.861"/>
</kw>
<status status="PASS" starttime="20221101 14:16:34.355" endtime="20221101 14:16:34.862"/>
</kw>
<kw name="wait until it checks and displays error message">
<kw name="Wait Until Element Is Visible" library="SeleniumLibrary">
<arg>${Error_Message_Login}</arg>
<doc>Waits until the element ``locator`` is visible.</doc>
<status status="PASS" starttime="20221101 14:16:34.864" endtime="20221101 14:16:37.105"/>
</kw>
<status status="PASS" starttime="20221101 14:16:34.862" endtime="20221101 14:16:37.106"/>
</kw>
<kw name="verify error message is correct">
<kw name="Get Text" library="SeleniumLibrary">
<var>${result}</var>
<arg>${Error_Message_Login}</arg>
<doc>Returns the text value of the element identified by ``locator``.</doc>
<msg timestamp="20221101 14:16:37.142" level="INFO">${result} = Incorrect username/password.</msg>
<status status="PASS" starttime="20221101 14:16:37.107" endtime="20221101 14:16:37.142"/>
</kw>
<kw name="Should Be Equal As Strings" library="BuiltIn">
<arg>${result}</arg>
<arg>Incorrect username/password.</arg>
<doc>Fails if objects are unequal after converting them to strings.</doc>
<status status="PASS" starttime="20221101 14:16:37.142" endtime="20221101 14:16:37.143"/>
</kw>
<kw name="Element Text Should Be" library="SeleniumLibrary">
<arg>${Error_Message_Login}</arg>
<arg>Incorrect username/password.</arg>
<doc>Verifies that element ``locator`` contains exact the text ``expected``.</doc>
<msg timestamp="20221101 14:16:37.146" level="INFO">Verifying element 'css:.alert-danger' contains exact text 'Incorrect username/password.'.</msg>
<status status="PASS" starttime="20221101 14:16:37.143" endtime="20221101 14:16:37.167"/>
</kw>
<status status="PASS" starttime="20221101 14:16:37.106" endtime="20221101 14:16:37.167"/>
</kw>
<status status="PASS" starttime="20221101 14:16:34.353" endtime="20221101 14:16:37.168"/>
</kw>
<kw name="Close Browser Session" library="Generic" type="TEARDOWN">
<kw name="Close Browser" library="SeleniumLibrary">
<doc>Closes the current browser.</doc>
<status status="PASS" starttime="20221101 14:16:37.169" endtime="20221101 14:16:44.428"/>
</kw>
<status status="PASS" starttime="20221101 14:16:37.168" endtime="20221101 14:16:44.428"/>
</kw>
<status status="PASS" starttime="20221101 14:16:24.711" endtime="20221101 14:16:44.428"/>
</test>
<doc>To validate the Login form</doc>
<status status="PASS" starttime="20221101 14:14:23.638" endtime="20221101 14:16:44.428"/>
</suite>
<status status="PASS" starttime="20221101 14:14:23.513" endtime="20221101 14:16:44.428"/>
</suite>
<statistics>
<total>
<stat pass="4" fail="0" skip="0">All Tests</stat>
</total>
<tag>
</tag>
<suite>
<stat pass="4" fail="0" skip="0" id="s1" name="Tests">Tests</stat>
<stat pass="4" fail="0" skip="0" id="s1-s1" name="testDemo5">Tests.testDemo5</stat>
</suite>
</statistics>
<errors>
</errors>
</robot>
